#
# A fatal error has been detected by the Java Runtime Environment:
#
#  SIGSEGV (0xb) at pc=0x000000010b343969, pid=12299, tid=24067
#
# JRE version: Java(TM) SE Runtime Environment (13.0.2+8) (build 13.0.2+8)
# Java VM: Java HotSpot(TM) 64-Bit Server VM (13.0.2+8, mixed mode, sharing, tiered, compressed oops, g1 gc, bsd-amd64)
# Problematic frame:
# V  [libjvm.dylib+0x343969]  GenerateOopMap::bb_mark_fct(GenerateOopMap*, int, int*)+0x17
#
# No core dump will be written. Core dumps have been disabled. To enable core dumping, try "ulimit -c unlimited" before starting Java again
#
# If you would like to submit a bug report, please visit:
#   http://bugreport.java.com/bugreport/crash.jsp
#

---------------  S U M M A R Y ------------

Command Line: -agentlib:jdwp=transport=dt_socket,suspend=y,address=localhost:62223 -javaagent:/Users/ryanxu/eclipse/java-2019-122/Eclipse.app/Contents/Eclipse/configuration/org.eclipse.osgi/219/0/.cp/lib/javaagent-shaded.jar -Dfile.encoding=UTF-8 TestCircularArray

Host: MacBookPro15,4 x86_64 1400 MHz, 8 cores, 8G, Darwin 19.3.0
Time: Sun Apr  5 20:37:00 2020 EDT elapsed time: 40007 seconds (0d 11h 6m 47s)

---------------  T H R E A D  ---------------

Current thread (0x00007f8ad080d800):  JavaThread "JDWP Transport Listener: dt_socket" daemon [_thread_in_vm, id=24067, stack(0x0000700007438000,0x0000700007538000)] _threads_hazard_ptr=0x00007f8acf20c980

Stack: [0x0000700007438000,0x0000700007538000],  sp=0x0000700007537400,  free space=1021k
Native frames: (J=compiled Java code, A=aot compiled Java code, j=interpreted, Vv=VM code, C=native code)
V  [libjvm.dylib+0x343969]  GenerateOopMap::bb_mark_fct(GenerateOopMap*, int, int*)+0x17
V  [libjvm.dylib+0x343b59]  GenerateOopMap::jump_targets_do(BytecodeStream*, void (*)(GenerateOopMap*, int, int*), int*)+0x59
V  [libjvm.dylib+0x343a69]  GenerateOopMap::mark_bbheaders_and_count_gc_points()+0xc7
V  [libjvm.dylib+0x346f27]  GenerateOopMap::compute_map(Thread*)+0x157
V  [libjvm.dylib+0x617c52]  OopMapForCacheEntry::compute_map(Thread*)+0x54
V  [libjvm.dylib+0x618434]  OopMapCacheEntry::fill(methodHandle const&, int)+0xac
V  [libjvm.dylib+0x618d65]  OopMapCache::compute_one_oop_map(methodHandle const&, int, InterpreterOopMap*)+0x5d
V  [libjvm.dylib+0x5e1864]  Method::mask_for(int, InterpreterOopMap*)+0x7e
V  [libjvm.dylib+0x770a02]  interpretedVFrame::stack_data(bool) const+0x48
V  [libjvm.dylib+0x4f9431]  VM_GetOrSetLocal::check_slot_type_no_lvt(javaVFrame*)+0x4d
V  [libjvm.dylib+0x4f94df]  VM_GetOrSetLocal::doit_prologue()+0x4f
V  [libjvm.dylib+0x783af0]  VMThread::execute(VM_Operation*)+0x13e
V  [libjvm.dylib+0x4e5682]  JvmtiEnv::GetLocalObject(JavaThread*, int, int, _jobject**)+0x54
V  [libjvm.dylib+0x4a79d7]  jvmti_GetLocalObject(_jvmtiEnv*, _jobject*, int, int, _jobject**)+0x157
C  [libjdwp.dylib+0x69fa]  getValues+0x186
C  [libjdwp.dylib+0xece9]  debugLoop_run+0x1f1
C  [libjdwp.dylib+0x1fe0c]  attachThread+0x4c
V  [libjvm.dylib+0x4f7f42]  JvmtiAgentThread::call_start_function()+0x38
V  [libjvm.dylib+0x72a2f4]  JavaThread::thread_main_inner()+0x86
V  [libjvm.dylib+0x72a132]  JavaThread::run()+0x124
V  [libjvm.dylib+0x727f51]  Thread::call_run()+0x71
V  [libjvm.dylib+0x6206a5]  thread_native_entry(Thread*)+0x132
C  [libsystem_pthread.dylib+0x5e65]  _pthread_start+0x94
C  [libsystem_pthread.dylib+0x183b]  thread_start+0xf


siginfo: si_signo: 11 (SIGSEGV), si_code: 0 (unknown), si_addr: 0x0000000000000000

Register to memory mapping:

RAX=0x00007f8ad2912520 points into unknown readable memory: 01 00 0a 14 00 80 20 00
RBX=0x00007000075375f0 is pointing into the stack for thread: 0x00007f8ad080d800
RCX=0x03fffffffffffe18 is an unknown value
RDX=0x0 is NULL
RSP=0x0000700007537400 is pointing into the stack for thread: 0x00007f8ad080d800
RBP=0x0000700007537410 is pointing into the stack for thread: 0x00007f8ad080d800
RSI=0xffffffffffff8624 is an unknown value
RDI=0x00007000075375f0 is pointing into the stack for thread: 0x00007f8ad080d800
R8 =0x00000000000000a0 is an unknown value
R9 =0x00007f8acd603e10 points into unknown readable memory: 18 dc a9 2b 01 00 00 00
R10=0x00000000ffffffff is an unknown value
R11=0x0 is NULL
R12=0x00007000075375f0 is pointing into the stack for thread: 0x00007f8ad080d800
R13=0x0000000000000140 is an unknown value
R14=0x0 is NULL
R15=0x0000700007537490 is pointing into the stack for thread: 0x00007f8ad080d800


Registers:
RAX=0x00007f8ad2912520, RBX=0x00007000075375f0, RCX=0x03fffffffffffe18, RDX=0x0000000000000000
RSP=0x0000700007537400, RBP=0x0000700007537410, RSI=0xffffffffffff8624, RDI=0x00007000075375f0
R8 =0x00000000000000a0, R9 =0x00007f8acd603e10, R10=0x00000000ffffffff, R11=0x0000000000000000
R12=0x00007000075375f0, R13=0x0000000000000140, R14=0x0000000000000000, R15=0x0000700007537490
RIP=0x000000010b343969, EFLAGS=0x0000000000010a07, ERR=0x0000000000000000
  TRAPNO=0x000000000000000d

Top of Stack: (sp=0x0000700007537400)
0x0000700007537400:   00000000ffff8624 000000010b343952
0x0000700007537410:   0000700007537470 000000010b343b59
0x0000700007537420:   0000700007537490 00007f8ad080d800
0x0000700007537430:   0000700007537450 000000010b343952
0x0000700007537440:   0000000000000000 000000000000009d
0x0000700007537450:   0000000000000001 00007000075375f0
0x0000700007537460:   0000000000000140 0000700007537490
0x0000700007537470:   00007000075374f0 000000010b343a69
0x0000700007537480:   000000012ba9db8e 000000010b340011
0x0000700007537490:   00007f8acd603470 000000012ba9dc18
0x00007000075374a0:   00007f8ad080d800 0000014300000140
0x00007000075374b0:   0000009d000004b4 0000009d00000000
0x00007000075374c0:   e8164cf2cf4400cb 00007000075375f0
0x00007000075374d0:   00007f8ad29124d0 00007000075375f0
0x00007000075374e0:   00007f8ad080d800 00007f8ad29124d0
0x00007000075374f0:   0000700007537590 000000010b346f27
0x0000700007537500:   0000000000000100 0000000000000000
0x0000700007537510:   0000700007537550 00007fff6fd4be00
0x0000700007537520:   0000000000000000 000000010b7e1203
0x0000700007537530:   0000000000000000 0000000109e20000
0x0000700007537540:   0000000000000000 0000000109e25a00
0x0000700007537550:   0000700007537500 00007fff6fd4b656
0x0000700007537560:   0000000000000000 0000000000000000
0x0000700007537570:   00007000075375f0 00007000075376e8
0x0000700007537580:   00007f8ad080d800 0000700007537778
0x0000700007537590:   00007000075375e0 000000010b617c52
0x00007000075375a0:   00007f8acd603470 00007f8ad2911200
0x00007000075375b0:   00007f8ad2912480 00007f8ad29191e8
0x00007000075375c0:   00000000000083b0 00007f8acf0867c0
0x00007000075375d0:   0000000000000062 0000700007537778
0x00007000075375e0:   0000700007537720 000000010b618434
0x00007000075375f0:   000000010b934688 000000012ba9dc18 

Instructions: (pc=0x000000010b343969)
0x000000010b343869:   25 46 00 eb 07 48 8d 35 e8 d5 49 00 31 c0 4c 89
0x000000010b343879:   f7 e8 7f 57 2e 00 83 3b 00 78 09 48 8d 35 d7 d5
0x000000010b343889:   49 00 eb 07 48 8d 35 cb d5 49 00 31 c0 4c 89 f7
0x000000010b343899:   e8 60 57 2e 00 8b 0b f7 c1 00 00 00 08 75 0f 0f
0x000000010b3438a9:   ba e1 1a 72 1e 48 8d 35 b5 d5 49 00 eb 07 48 8d
0x000000010b3438b9:   35 a7 d5 49 00 31 c0 4c 89 f7 5b 41 5e 5d e9 32
0x000000010b3438c9:   57 2e 00 89 c8 25 00 00 00 f0 3d 00 00 00 40 75
0x000000010b3438d9:   19 89 ca 81 e2 ff ff ff 00 f7 c1 00 00 00 02 75
0x000000010b3438e9:   1f 48 8d 35 8e d5 49 00 eb 2e 81 e1 ff ff ff 03
0x000000010b3438f9:   48 8d 35 87 d5 49 00 31 c0 4c 89 f7 89 ca eb 1d
0x000000010b343909:   f7 c1 00 00 00 01 75 09 48 8d 35 5f d5 49 00 eb
0x000000010b343919:   07 48 8d 35 4e d5 49 00 31 c0 4c 89 f7 5b 41 5e
0x000000010b343929:   5d e9 cf 56 2e 00 90 55 48 89 e5 48 c7 47 68 00
0x000000010b343939:   00 00 00 48 8b 47 08 48 83 c7 70 48 8b 40 08 0f
0x000000010b343949:   b7 70 28 5d e9 1a e0 de ff 55 48 89 e5 53 50 48
0x000000010b343959:   89 fb 48 63 f6 48 8b 43 70 48 89 f1 48 c1 e9 06
0x000000010b343969:   48 8b 04 c8 48 0f a3 f0 72 11 48 8d 7b 70 ba 01
0x000000010b343979:   00 00 00 e8 0f e8 de ff ff 43 6c 48 83 c4 08 5b
0x000000010b343989:   5d c3 90 55 48 89 e5 48 83 c7 70 48 63 f6 ba 01
0x000000010b343999:   00 00 00 5d e9 ee e7 de ff 55 48 89 e5 41 57 41
0x000000010b3439a9:   56 41 55 41 54 53 48 83 ec 48 49 89 fd 48 8b 05
0x000000010b3439b9:   a3 47 53 00 48 8b 00 48 89 45 d0 49 c7 45 68 00
0x000000010b3439c9:   00 00 00 49 8d 7d 70 49 8b 45 08 48 8b 40 08 0f
0x000000010b3439d9:   b7 70 28 e8 8b df de ff 49 8b 75 08 48 8d 5d 90
0x000000010b3439e9:   48 89 df e8 fb 2f e8 ff 66 83 7b 08 00 74 1f 31
0x000000010b3439f9:   db 48 8b 45 90 0f b7 74 d8 04 4c 89 ef e8 47 ff
0x000000010b343a09:   ff ff 48 ff c3 0f b7 45 98 48 39 c3 72 e3 49 8d
0x000000010b343a19:   75 08 48 8d 5d a0 48 89 df e8 6b 89 df ff 48 89
0x000000010b343a29:   df e8 8d e1 cb ff 89 c3 85 db 0f 88 99 00 00 00
0x000000010b343a39:   45 31 e4 4c 8d 7d a0 44 8b 75 b8 41 f6 c4 01 75
0x000000010b343a49:   0b 4c 89 ef 44 89 f6 e8 fd fe ff ff 31 c9 4c 89
0x000000010b343a59:   ef 4c 89 fe 48 8d 15 ee fe ff ff e8 97 00 00 00 


Stack slot to memory mapping:
stack at sp + 0 slots: 0x00000000ffff8624 is an unknown value
stack at sp + 1 slots: 0x000000010b343952: _ZN14GenerateOopMap11bb_mark_fctEPS_iPi+0 in /Library/Java/JavaVirtualMachines/jdk-13.0.2.jdk/Contents/Home/lib/server/libjvm.dylib at 0x000000010b000000
stack at sp + 2 slots: 0x0000700007537470 is pointing into the stack for thread: 0x00007f8ad080d800
stack at sp + 3 slots: 0x000000010b343b59: _ZN14GenerateOopMap15jump_targets_doEP14BytecodeStreamPFvPS_iPiES3_+0x59 in /Library/Java/JavaVirtualMachines/jdk-13.0.2.jdk/Contents/Home/lib/server/libjvm.dylib at 0x000000010b000000
stack at sp + 4 slots: 0x0000700007537490 is pointing into the stack for thread: 0x00007f8ad080d800
stack at sp + 5 slots: 0x00007f8ad080d800 is a thread
stack at sp + 6 slots: 0x0000700007537450 is pointing into the stack for thread: 0x00007f8ad080d800
stack at sp + 7 slots: 0x000000010b343952: _ZN14GenerateOopMap11bb_mark_fctEPS_iPi+0 in /Library/Java/JavaVirtualMachines/jdk-13.0.2.jdk/Contents/Home/lib/server/libjvm.dylib at 0x000000010b000000


---------------  P R O C E S S  ---------------

Threads class SMR info:
_java_thread_list=0x00007f8acf20c980, length=12, elements={
0x00007f8acf801000, 0x00007f8acd825000, 0x00007f8acd828000, 0x00007f8ad0001000,
0x00007f8ace000800, 0x00007f8ace004800, 0x00007f8ace005800, 0x00007f8ace832800,
0x00007f8ad080d800, 0x00007f8acf93b800, 0x00007f8ad101e000, 0x00007f8acd82a800
}

Java Threads: ( => current thread )
  0x00007f8acf801000 JavaThread "main" [_thread_blocked, id=5891, stack(0x0000700006508000,0x0000700006608000)]
  0x00007f8acd825000 JavaThread "Reference Handler" daemon [_thread_blocked, id=19203, stack(0x0000700006c1d000,0x0000700006d1d000)]
  0x00007f8acd828000 JavaThread "Finalizer" daemon [_thread_blocked, id=15875, stack(0x0000700006d20000,0x0000700006e20000)]
  0x00007f8ad0001000 JavaThread "Signal Dispatcher" daemon [_thread_blocked, id=21763, stack(0x0000700006f29000,0x0000700007029000)]
  0x00007f8ace000800 JavaThread "C2 CompilerThread0" daemon [_thread_blocked, id=43011, stack(0x000070000702c000,0x000070000712c000)]
  0x00007f8ace004800 JavaThread "C1 CompilerThread0" daemon [_thread_blocked, id=42499, stack(0x000070000712f000,0x000070000722f000)]
  0x00007f8ace005800 JavaThread "Sweeper thread" daemon [_thread_blocked, id=22531, stack(0x0000700007232000,0x0000700007332000)]
  0x00007f8ace832800 JavaThread "Common-Cleaner" daemon [_thread_blocked, id=23299, stack(0x0000700007335000,0x0000700007435000)]
=>0x00007f8ad080d800 JavaThread "JDWP Transport Listener: dt_socket" daemon [_thread_in_vm, id=24067, stack(0x0000700007438000,0x0000700007538000)]
  0x00007f8acf93b800 JavaThread "JDWP Event Helper Thread" daemon [_thread_blocked, id=24323, stack(0x000070000753b000,0x000070000763b000)]
  0x00007f8ad101e000 JavaThread "JDWP Command Reader" daemon [_thread_in_native, id=24835, stack(0x000070000763e000,0x000070000773e000)]
  0x00007f8acd82a800 JavaThread "Service Thread" daemon [_thread_blocked, id=40707, stack(0x0000700007741000,0x0000700007841000)]

Other Threads:
  0x00007f8acd824800 VMThread "VM Thread" [stack: 0x0000700006b1a000,0x0000700006c1a000] [id=19715]
  0x00007f8ace841800 WatcherThread [stack: 0x0000700007844000,0x0000700007944000] [id=40195]
  0x00007f8acf828800 GCTaskThread "GC Thread#0" [stack: 0x000070000660b000,0x000070000670b000] [id=12035]
  0x00007f8acf83a000 ConcurrentGCThread "G1 Main Marker" [stack: 0x000070000670e000,0x000070000680e000] [id=21251]
  0x00007f8acf83a800 ConcurrentGCThread "G1 Conc#0" [stack: 0x0000700006811000,0x0000700006911000] [id=13059]
  0x00007f8acf89b800 ConcurrentGCThread "G1 Refine#0" [stack: 0x0000700006914000,0x0000700006a14000] [id=20739]
  0x00007f8ad0000000 ConcurrentGCThread "G1 Young RemSet Sampling" [stack: 0x0000700006a17000,0x0000700006b17000] [id=20483]

Threads with active compile tasks:

VM state:not at safepoint (normal execution)

VM Mutex/Monitor currently owned by a thread: None

Heap address: 0x0000000780000000, size: 2048 MB, Compressed Oops mode: Zero based, Oop shift amount: 3
Narrow klass base: 0x0000000800000000, Narrow klass shift: 3
Compressed class space size: 1073741824 Address: 0x0000000800ae0000

Heap:
 garbage-first heap   total 133120K, used 8952K [0x0000000780000000, 0x0000000800000000)
  region size 1024K, 9 young (9216K), 0 survivors (0K)
 Metaspace       used 3044K, capacity 5134K, committed 5376K, reserved 1056768K
  class space    used 300K, capacity 475K, committed 512K, reserved 1048576K
Heap Regions: E=young(eden), S=young(survivor), O=old, HS=humongous(starts), HC=humongous(continues), CS=collection set, F=free, A=archive, TAMS=top-at-mark-start (previous, next)
|   0|0x0000000780000000, 0x0000000780000000, 0x0000000780100000|  0%| F|  |TAMS 0x0000000780000000, 0x0000000780000000| Untracked 
|   1|0x0000000780100000, 0x0000000780100000, 0x0000000780200000|  0%| F|  |TAMS 0x0000000780100000, 0x0000000780100000| Untracked 
|   2|0x0000000780200000, 0x0000000780200000, 0x0000000780300000|  0%| F|  |TAMS 0x0000000780200000, 0x0000000780200000| Untracked 
|   3|0x0000000780300000, 0x0000000780300000, 0x0000000780400000|  0%| F|  |TAMS 0x0000000780300000, 0x0000000780300000| Untracked 
|   4|0x0000000780400000, 0x0000000780400000, 0x0000000780500000|  0%| F|  |TAMS 0x0000000780400000, 0x0000000780400000| Untracked 
|   5|0x0000000780500000, 0x0000000780500000, 0x0000000780600000|  0%| F|  |TAMS 0x0000000780500000, 0x0000000780500000| Untracked 
|   6|0x0000000780600000, 0x0000000780600000, 0x0000000780700000|  0%| F|  |TAMS 0x0000000780600000, 0x0000000780600000| Untracked 
|   7|0x0000000780700000, 0x0000000780700000, 0x0000000780800000|  0%| F|  |TAMS 0x0000000780700000, 0x0000000780700000| Untracked 
|   8|0x0000000780800000, 0x0000000780800000, 0x0000000780900000|  0%| F|  |TAMS 0x0000000780800000, 0x0000000780800000| Untracked 
|   9|0x0000000780900000, 0x0000000780900000, 0x0000000780a00000|  0%| F|  |TAMS 0x0000000780900000, 0x0000000780900000| Untracked 
|  10|0x0000000780a00000, 0x0000000780a00000, 0x0000000780b00000|  0%| F|  |TAMS 0x0000000780a00000, 0x0000000780a00000| Untracked 
|  11|0x0000000780b00000, 0x0000000780b00000, 0x0000000780c00000|  0%| F|  |TAMS 0x0000000780b00000, 0x0000000780b00000| Untracked 
|  12|0x0000000780c00000, 0x0000000780c00000, 0x0000000780d00000|  0%| F|  |TAMS 0x0000000780c00000, 0x0000000780c00000| Untracked 
|  13|0x0000000780d00000, 0x0000000780d00000, 0x0000000780e00000|  0%| F|  |TAMS 0x0000000780d00000, 0x0000000780d00000| Untracked 
|  14|0x0000000780e00000, 0x0000000780e00000, 0x0000000780f00000|  0%| F|  |TAMS 0x0000000780e00000, 0x0000000780e00000| Untracked 
|  15|0x0000000780f00000, 0x0000000780f00000, 0x0000000781000000|  0%| F|  |TAMS 0x0000000780f00000, 0x0000000780f00000| Untracked 
|  16|0x0000000781000000, 0x0000000781000000, 0x0000000781100000|  0%| F|  |TAMS 0x0000000781000000, 0x0000000781000000| Untracked 
|  17|0x0000000781100000, 0x0000000781100000, 0x0000000781200000|  0%| F|  |TAMS 0x0000000781100000, 0x0000000781100000| Untracked 
|  18|0x0000000781200000, 0x0000000781200000, 0x0000000781300000|  0%| F|  |TAMS 0x0000000781200000, 0x0000000781200000| Untracked 
|  19|0x0000000781300000, 0x0000000781300000, 0x0000000781400000|  0%| F|  |TAMS 0x0000000781300000, 0x0000000781300000| Untracked 
|  20|0x0000000781400000, 0x0000000781400000, 0x0000000781500000|  0%| F|  |TAMS 0x0000000781400000, 0x0000000781400000| Untracked 
|  21|0x0000000781500000, 0x0000000781500000, 0x0000000781600000|  0%| F|  |TAMS 0x0000000781500000, 0x0000000781500000| Untracked 
|  22|0x0000000781600000, 0x0000000781600000, 0x0000000781700000|  0%| F|  |TAMS 0x0000000781600000, 0x0000000781600000| Untracked 
|  23|0x0000000781700000, 0x0000000781700000, 0x0000000781800000|  0%| F|  |TAMS 0x0000000781700000, 0x0000000781700000| Untracked 
|  24|0x0000000781800000, 0x0000000781800000, 0x0000000781900000|  0%| F|  |TAMS 0x0000000781800000, 0x0000000781800000| Untracked 
|  25|0x0000000781900000, 0x0000000781900000, 0x0000000781a00000|  0%| F|  |TAMS 0x0000000781900000, 0x0000000781900000| Untracked 
|  26|0x0000000781a00000, 0x0000000781a00000, 0x0000000781b00000|  0%| F|  |TAMS 0x0000000781a00000, 0x0000000781a00000| Untracked 
|  27|0x0000000781b00000, 0x0000000781b00000, 0x0000000781c00000|  0%| F|  |TAMS 0x0000000781b00000, 0x0000000781b00000| Untracked 
|  28|0x0000000781c00000, 0x0000000781c00000, 0x0000000781d00000|  0%| F|  |TAMS 0x0000000781c00000, 0x0000000781c00000| Untracked 
|  29|0x0000000781d00000, 0x0000000781d00000, 0x0000000781e00000|  0%| F|  |TAMS 0x0000000781d00000, 0x0000000781d00000| Untracked 
|  30|0x0000000781e00000, 0x0000000781e00000, 0x0000000781f00000|  0%| F|  |TAMS 0x0000000781e00000, 0x0000000781e00000| Untracked 
|  31|0x0000000781f00000, 0x0000000781f00000, 0x0000000782000000|  0%| F|  |TAMS 0x0000000781f00000, 0x0000000781f00000| Untracked 
|  32|0x0000000782000000, 0x0000000782000000, 0x0000000782100000|  0%| F|  |TAMS 0x0000000782000000, 0x0000000782000000| Untracked 
|  33|0x0000000782100000, 0x0000000782100000, 0x0000000782200000|  0%| F|  |TAMS 0x0000000782100000, 0x0000000782100000| Untracked 
|  34|0x0000000782200000, 0x0000000782200000, 0x0000000782300000|  0%| F|  |TAMS 0x0000000782200000, 0x0000000782200000| Untracked 
|  35|0x0000000782300000, 0x0000000782300000, 0x0000000782400000|  0%| F|  |TAMS 0x0000000782300000, 0x0000000782300000| Untracked 
|  36|0x0000000782400000, 0x0000000782400000, 0x0000000782500000|  0%| F|  |TAMS 0x0000000782400000, 0x0000000782400000| Untracked 
|  37|0x0000000782500000, 0x0000000782500000, 0x0000000782600000|  0%| F|  |TAMS 0x0000000782500000, 0x0000000782500000| Untracked 
|  38|0x0000000782600000, 0x0000000782600000, 0x0000000782700000|  0%| F|  |TAMS 0x0000000782600000, 0x0000000782600000| Untracked 
|  39|0x0000000782700000, 0x0000000782700000, 0x0000000782800000|  0%| F|  |TAMS 0x0000000782700000, 0x0000000782700000| Untracked 
|  40|0x0000000782800000, 0x0000000782800000, 0x0000000782900000|  0%| F|  |TAMS 0x0000000782800000, 0x0000000782800000| Untracked 
|  41|0x0000000782900000, 0x0000000782900000, 0x0000000782a00000|  0%| F|  |TAMS 0x0000000782900000, 0x0000000782900000| Untracked 
|  42|0x0000000782a00000, 0x0000000782a00000, 0x0000000782b00000|  0%| F|  |TAMS 0x0000000782a00000, 0x0000000782a00000| Untracked 
|  43|0x0000000782b00000, 0x0000000782b00000, 0x0000000782c00000|  0%| F|  |TAMS 0x0000000782b00000, 0x0000000782b00000| Untracked 
|  44|0x0000000782c00000, 0x0000000782c00000, 0x0000000782d00000|  0%| F|  |TAMS 0x0000000782c00000, 0x0000000782c00000| Untracked 
|  45|0x0000000782d00000, 0x0000000782d00000, 0x0000000782e00000|  0%| F|  |TAMS 0x0000000782d00000, 0x0000000782d00000| Untracked 
|  46|0x0000000782e00000, 0x0000000782e00000, 0x0000000782f00000|  0%| F|  |TAMS 0x0000000782e00000, 0x0000000782e00000| Untracked 
|  47|0x0000000782f00000, 0x0000000782f00000, 0x0000000783000000|  0%| F|  |TAMS 0x0000000782f00000, 0x0000000782f00000| Untracked 
|  48|0x0000000783000000, 0x0000000783000000, 0x0000000783100000|  0%| F|  |TAMS 0x0000000783000000, 0x0000000783000000| Untracked 
|  49|0x0000000783100000, 0x0000000783100000, 0x0000000783200000|  0%| F|  |TAMS 0x0000000783100000, 0x0000000783100000| Untracked 
|  50|0x0000000783200000, 0x0000000783200000, 0x0000000783300000|  0%| F|  |TAMS 0x0000000783200000, 0x0000000783200000| Untracked 
|  51|0x0000000783300000, 0x0000000783300000, 0x0000000783400000|  0%| F|  |TAMS 0x0000000783300000, 0x0000000783300000| Untracked 
|  52|0x0000000783400000, 0x0000000783400000, 0x0000000783500000|  0%| F|  |TAMS 0x0000000783400000, 0x0000000783400000| Untracked 
|  53|0x0000000783500000, 0x0000000783500000, 0x0000000783600000|  0%| F|  |TAMS 0x0000000783500000, 0x0000000783500000| Untracked 
|  54|0x0000000783600000, 0x0000000783600000, 0x0000000783700000|  0%| F|  |TAMS 0x0000000783600000, 0x0000000783600000| Untracked 
|  55|0x0000000783700000, 0x0000000783700000, 0x0000000783800000|  0%| F|  |TAMS 0x0000000783700000, 0x0000000783700000| Untracked 
|  56|0x0000000783800000, 0x0000000783800000, 0x0000000783900000|  0%| F|  |TAMS 0x0000000783800000, 0x0000000783800000| Untracked 
|  57|0x0000000783900000, 0x0000000783900000, 0x0000000783a00000|  0%| F|  |TAMS 0x0000000783900000, 0x0000000783900000| Untracked 
|  58|0x0000000783a00000, 0x0000000783a00000, 0x0000000783b00000|  0%| F|  |TAMS 0x0000000783a00000, 0x0000000783a00000| Untracked 
|  59|0x0000000783b00000, 0x0000000783b00000, 0x0000000783c00000|  0%| F|  |TAMS 0x0000000783b00000, 0x0000000783b00000| Untracked 
|  60|0x0000000783c00000, 0x0000000783c00000, 0x0000000783d00000|  0%| F|  |TAMS 0x0000000783c00000, 0x0000000783c00000| Untracked 
|  61|0x0000000783d00000, 0x0000000783d00000, 0x0000000783e00000|  0%| F|  |TAMS 0x0000000783d00000, 0x0000000783d00000| Untracked 
|  62|0x0000000783e00000, 0x0000000783e00000, 0x0000000783f00000|  0%| F|  |TAMS 0x0000000783e00000, 0x0000000783e00000| Untracked 
|  63|0x0000000783f00000, 0x0000000783f00000, 0x0000000784000000|  0%| F|  |TAMS 0x0000000783f00000, 0x0000000783f00000| Untracked 
|  64|0x0000000784000000, 0x0000000784000000, 0x0000000784100000|  0%| F|  |TAMS 0x0000000784000000, 0x0000000784000000| Untracked 
|  65|0x0000000784100000, 0x0000000784100000, 0x0000000784200000|  0%| F|  |TAMS 0x0000000784100000, 0x0000000784100000| Untracked 
|  66|0x0000000784200000, 0x0000000784200000, 0x0000000784300000|  0%| F|  |TAMS 0x0000000784200000, 0x0000000784200000| Untracked 
|  67|0x0000000784300000, 0x0000000784300000, 0x0000000784400000|  0%| F|  |TAMS 0x0000000784300000, 0x0000000784300000| Untracked 
|  68|0x0000000784400000, 0x0000000784400000, 0x0000000784500000|  0%| F|  |TAMS 0x0000000784400000, 0x0000000784400000| Untracked 
|  69|0x0000000784500000, 0x0000000784500000, 0x0000000784600000|  0%| F|  |TAMS 0x0000000784500000, 0x0000000784500000| Untracked 
|  70|0x0000000784600000, 0x0000000784600000, 0x0000000784700000|  0%| F|  |TAMS 0x0000000784600000, 0x0000000784600000| Untracked 
|  71|0x0000000784700000, 0x0000000784700000, 0x0000000784800000|  0%| F|  |TAMS 0x0000000784700000, 0x0000000784700000| Untracked 
|  72|0x0000000784800000, 0x0000000784800000, 0x0000000784900000|  0%| F|  |TAMS 0x0000000784800000, 0x0000000784800000| Untracked 
|  73|0x0000000784900000, 0x0000000784900000, 0x0000000784a00000|  0%| F|  |TAMS 0x0000000784900000, 0x0000000784900000| Untracked 
|  74|0x0000000784a00000, 0x0000000784a00000, 0x0000000784b00000|  0%| F|  |TAMS 0x0000000784a00000, 0x0000000784a00000| Untracked 
|  75|0x0000000784b00000, 0x0000000784b00000, 0x0000000784c00000|  0%| F|  |TAMS 0x0000000784b00000, 0x0000000784b00000| Untracked 
|  76|0x0000000784c00000, 0x0000000784c00000, 0x0000000784d00000|  0%| F|  |TAMS 0x0000000784c00000, 0x0000000784c00000| Untracked 
|  77|0x0000000784d00000, 0x0000000784d00000, 0x0000000784e00000|  0%| F|  |TAMS 0x0000000784d00000, 0x0000000784d00000| Untracked 
|  78|0x0000000784e00000, 0x0000000784e00000, 0x0000000784f00000|  0%| F|  |TAMS 0x0000000784e00000, 0x0000000784e00000| Untracked 
|  79|0x0000000784f00000, 0x0000000784f00000, 0x0000000785000000|  0%| F|  |TAMS 0x0000000784f00000, 0x0000000784f00000| Untracked 
|  80|0x0000000785000000, 0x0000000785000000, 0x0000000785100000|  0%| F|  |TAMS 0x0000000785000000, 0x0000000785000000| Untracked 
|  81|0x0000000785100000, 0x0000000785100000, 0x0000000785200000|  0%| F|  |TAMS 0x0000000785100000, 0x0000000785100000| Untracked 
|  82|0x0000000785200000, 0x0000000785200000, 0x0000000785300000|  0%| F|  |TAMS 0x0000000785200000, 0x0000000785200000| Untracked 
|  83|0x0000000785300000, 0x0000000785300000, 0x0000000785400000|  0%| F|  |TAMS 0x0000000785300000, 0x0000000785300000| Untracked 
|  84|0x0000000785400000, 0x0000000785400000, 0x0000000785500000|  0%| F|  |TAMS 0x0000000785400000, 0x0000000785400000| Untracked 
|  85|0x0000000785500000, 0x0000000785500000, 0x0000000785600000|  0%| F|  |TAMS 0x0000000785500000, 0x0000000785500000| Untracked 
|  86|0x0000000785600000, 0x0000000785600000, 0x0000000785700000|  0%| F|  |TAMS 0x0000000785600000, 0x0000000785600000| Untracked 
|  87|0x0000000785700000, 0x0000000785700000, 0x0000000785800000|  0%| F|  |TAMS 0x0000000785700000, 0x0000000785700000| Untracked 
|  88|0x0000000785800000, 0x0000000785800000, 0x0000000785900000|  0%| F|  |TAMS 0x0000000785800000, 0x0000000785800000| Untracked 
|  89|0x0000000785900000, 0x0000000785900000, 0x0000000785a00000|  0%| F|  |TAMS 0x0000000785900000, 0x0000000785900000| Untracked 
|  90|0x0000000785a00000, 0x0000000785a00000, 0x0000000785b00000|  0%| F|  |TAMS 0x0000000785a00000, 0x0000000785a00000| Untracked 
|  91|0x0000000785b00000, 0x0000000785b00000, 0x0000000785c00000|  0%| F|  |TAMS 0x0000000785b00000, 0x0000000785b00000| Untracked 
|  92|0x0000000785c00000, 0x0000000785c00000, 0x0000000785d00000|  0%| F|  |TAMS 0x0000000785c00000, 0x0000000785c00000| Untracked 
|  93|0x0000000785d00000, 0x0000000785d00000, 0x0000000785e00000|  0%| F|  |TAMS 0x0000000785d00000, 0x0000000785d00000| Untracked 
|  94|0x0000000785e00000, 0x0000000785e00000, 0x0000000785f00000|  0%| F|  |TAMS 0x0000000785e00000, 0x0000000785e00000| Untracked 
|  95|0x0000000785f00000, 0x0000000785f00000, 0x0000000786000000|  0%| F|  |TAMS 0x0000000785f00000, 0x0000000785f00000| Untracked 
|  96|0x0000000786000000, 0x0000000786000000, 0x0000000786100000|  0%| F|  |TAMS 0x0000000786000000, 0x0000000786000000| Untracked 
|  97|0x0000000786100000, 0x0000000786100000, 0x0000000786200000|  0%| F|  |TAMS 0x0000000786100000, 0x0000000786100000| Untracked 
|  98|0x0000000786200000, 0x0000000786200000, 0x0000000786300000|  0%| F|  |TAMS 0x0000000786200000, 0x0000000786200000| Untracked 
|  99|0x0000000786300000, 0x0000000786300000, 0x0000000786400000|  0%| F|  |TAMS 0x0000000786300000, 0x0000000786300000| Untracked 
| 100|0x0000000786400000, 0x0000000786400000, 0x0000000786500000|  0%| F|  |TAMS 0x0000000786400000, 0x0000000786400000| Untracked 
| 101|0x0000000786500000, 0x0000000786500000, 0x0000000786600000|  0%| F|  |TAMS 0x0000000786500000, 0x0000000786500000| Untracked 
| 102|0x0000000786600000, 0x0000000786600000, 0x0000000786700000|  0%| F|  |TAMS 0x0000000786600000, 0x0000000786600000| Untracked 
| 103|0x0000000786700000, 0x0000000786700000, 0x0000000786800000|  0%| F|  |TAMS 0x0000000786700000, 0x0000000786700000| Untracked 
| 104|0x0000000786800000, 0x0000000786800000, 0x0000000786900000|  0%| F|  |TAMS 0x0000000786800000, 0x0000000786800000| Untracked 
| 105|0x0000000786900000, 0x0000000786900000, 0x0000000786a00000|  0%| F|  |TAMS 0x0000000786900000, 0x0000000786900000| Untracked 
| 106|0x0000000786a00000, 0x0000000786a00000, 0x0000000786b00000|  0%| F|  |TAMS 0x0000000786a00000, 0x0000000786a00000| Untracked 
| 107|0x0000000786b00000, 0x0000000786b00000, 0x0000000786c00000|  0%| F|  |TAMS 0x0000000786b00000, 0x0000000786b00000| Untracked 
| 108|0x0000000786c00000, 0x0000000786c00000, 0x0000000786d00000|  0%| F|  |TAMS 0x0000000786c00000, 0x0000000786c00000| Untracked 
| 109|0x0000000786d00000, 0x0000000786d00000, 0x0000000786e00000|  0%| F|  |TAMS 0x0000000786d00000, 0x0000000786d00000| Untracked 
| 110|0x0000000786e00000, 0x0000000786e00000, 0x0000000786f00000|  0%| F|  |TAMS 0x0000000786e00000, 0x0000000786e00000| Untracked 
| 111|0x0000000786f00000, 0x0000000786f00000, 0x0000000787000000|  0%| F|  |TAMS 0x0000000786f00000, 0x0000000786f00000| Untracked 
| 112|0x0000000787000000, 0x0000000787000000, 0x0000000787100000|  0%| F|  |TAMS 0x0000000787000000, 0x0000000787000000| Untracked 
| 113|0x0000000787100000, 0x0000000787100000, 0x0000000787200000|  0%| F|  |TAMS 0x0000000787100000, 0x0000000787100000| Untracked 
| 114|0x0000000787200000, 0x0000000787200000, 0x0000000787300000|  0%| F|  |TAMS 0x0000000787200000, 0x0000000787200000| Untracked 
| 115|0x0000000787300000, 0x0000000787300000, 0x0000000787400000|  0%| F|  |TAMS 0x0000000787300000, 0x0000000787300000| Untracked 
| 116|0x0000000787400000, 0x0000000787400000, 0x0000000787500000|  0%| F|  |TAMS 0x0000000787400000, 0x0000000787400000| Untracked 
| 117|0x0000000787500000, 0x0000000787500000, 0x0000000787600000|  0%| F|  |TAMS 0x0000000787500000, 0x0000000787500000| Untracked 
| 118|0x0000000787600000, 0x0000000787600000, 0x0000000787700000|  0%| F|  |TAMS 0x0000000787600000, 0x0000000787600000| Untracked 
| 119|0x0000000787700000, 0x000000078777bfe0, 0x0000000787800000| 48%| E|  |TAMS 0x0000000787700000, 0x0000000787700000| Complete 
| 120|0x0000000787800000, 0x0000000787900000, 0x0000000787900000|100%| E|CS|TAMS 0x0000000787800000, 0x0000000787800000| Complete 
| 121|0x0000000787900000, 0x0000000787a00000, 0x0000000787a00000|100%| E|CS|TAMS 0x0000000787900000, 0x0000000787900000| Complete 
| 122|0x0000000787a00000, 0x0000000787b00000, 0x0000000787b00000|100%| E|CS|TAMS 0x0000000787a00000, 0x0000000787a00000| Complete 
| 123|0x0000000787b00000, 0x0000000787c00000, 0x0000000787c00000|100%| E|CS|TAMS 0x0000000787b00000, 0x0000000787b00000| Complete 
| 124|0x0000000787c00000, 0x0000000787d00000, 0x0000000787d00000|100%| E|CS|TAMS 0x0000000787c00000, 0x0000000787c00000| Complete 
| 125|0x0000000787d00000, 0x0000000787e00000, 0x0000000787e00000|100%| E|CS|TAMS 0x0000000787d00000, 0x0000000787d00000| Complete 
| 126|0x0000000787e00000, 0x0000000787f00000, 0x0000000787f00000|100%| E|CS|TAMS 0x0000000787e00000, 0x0000000787e00000| Complete 
| 127|0x0000000787f00000, 0x0000000788000000, 0x0000000788000000|100%| E|CS|TAMS 0x0000000787f00000, 0x0000000787f00000| Complete 
|1022|0x00000007bfe00000, 0x00000007bfe47000, 0x00000007bff00000| 27%|OA|  |TAMS 0x00000007bfe00000, 0x00000007bfe00000| Untracked 
|1023|0x00000007bff00000, 0x00000007bff77000, 0x00000007c0000000| 46%|CA|  |TAMS 0x00000007bff00000, 0x00000007bff00000| Untracked 

Card table byte_map: [0x000000010cbab000,0x000000010cfab000] _byte_map_base: 0x0000000108fab000

Marking Bits (Prev, Next): (CMBitMap*) 0x00007f8acf829418, (CMBitMap*) 0x00007f8acf829458
 Prev Bits: [0x000000010d3ab000, 0x000000010f3ab000)
 Next Bits: [0x000000010f3ab000, 0x00000001113ab000)

Polling page: 0x0000000109e7d000

Metaspace:

Usage:
  Non-class:      4.55 MB capacity,     2.68 MB ( 59%) used,     1.87 MB ( 41%) free+waste,     3.00 KB ( <1%) overhead. 
      Class:    475.00 KB capacity,   300.44 KB ( 63%) used,   172.94 KB ( 36%) free+waste,     1.62 KB ( <1%) overhead. 
       Both:      5.01 MB capacity,     2.97 MB ( 59%) used,     2.04 MB ( 41%) free+waste,     4.62 KB ( <1%) overhead. 

Virtual space:
  Non-class space:        8.00 MB reserved,       4.75 MB ( 59%) committed 
      Class space:        1.00 GB reserved,     512.00 KB ( <1%) committed 
             Both:        1.01 GB reserved,       5.25 MB ( <1%) committed 

Chunk freelists:
   Non-Class:  53.00 KB
       Class:  5.00 KB
        Both:  58.00 KB

MaxMetaspaceSize: unlimited
CompressedClassSpaceSize: 1.00 GB

CodeHeap 'non-profiled nmethods': size=120028Kb used=626Kb max_used=626Kb free=119401Kb
 bounds [0x000000012210f000, 0x000000012237f000, 0x0000000129646000]
CodeHeap 'profiled nmethods': size=120028Kb used=707Kb max_used=846Kb free=119320Kb
 bounds [0x000000011abd8000, 0x000000011ae48000, 0x000000012210f000]
CodeHeap 'non-nmethods': size=5704Kb used=1187Kb max_used=1284Kb free=4516Kb
 bounds [0x000000011a646000, 0x000000011a8b6000, 0x000000011abd8000]
 total_blobs=1025 nmethods=439 adapters=273
 compilation: enabled
              stopped_count=0, restarted_count=0
 full_count=0

Compilation events (20 events):
Event: 25485.443 Thread 0x00007f8ace004800  490       3       org.eclipse.jdt.launching.internal.org.objectweb.asm.SymbolTable::addConstantMemberReference (147 bytes)
Event: 25485.446 Thread 0x00007f8ace004800 nmethod 490 0x000000011ac64c90 code [0x000000011ac64f20, 0x000000011ac658c8]
Event: 25882.265 Thread 0x00007f8ace000800  491       4       org.eclipse.jdt.launching.internal.org.objectweb.asm.ClassReader::readCode (5089 bytes)
Event: 25883.050 Thread 0x00007f8ace000800 nmethod 491 0x0000000122190090 code [0x0000000122190700, 0x000000012219e630]
Event: 25883.051 Thread 0x00007f8ace000800  492       4       org.eclipse.jdt.launching.internal.org.objectweb.asm.SymbolTable::put (150 bytes)
Event: 25883.053 Thread 0x00007f8ace000800 nmethod 492 0x00000001221a6810 code [0x00000001221a69a0, 0x00000001221a6d78]
Event: 26126.018 Thread 0x00007f8ace000800  493       4       java.lang.String::<init> (74 bytes)
Event: 26126.020 Thread 0x00007f8ace000800 nmethod 493 0x00000001221a6f90 code [0x00000001221a7120, 0x00000001221a7498]
Event: 26835.939 Thread 0x00007f8ace000800  494       4       org.eclipse.jdt.launching.internal.org.objectweb.asm.MethodWriter::visitMethodInsn (191 bytes)
Event: 26836.089 Thread 0x00007f8ace000800 nmethod 494 0x00000001221a7610 code [0x00000001221a7920, 0x00000001221ac828]
Event: 26982.416 Thread 0x00007f8ace000800  495       4       org.eclipse.jdt.launching.internal.org.objectweb.asm.ClassReader::readClass (7 bytes)
Event: 26982.416 Thread 0x00007f8ace004800  496       3       org.eclipse.jdt.launching.internal.org.objectweb.asm.MethodWriter::visitEnd (1 bytes)
Event: 26982.416 Thread 0x00007f8ace004800 nmethod 496 0x000000011abf2990 code [0x000000011abf2b20, 0x000000011abf2c90]
Event: 26982.416 Thread 0x00007f8ace004800  498       3       org.eclipse.jdt.launching.internal.org.objectweb.asm.MethodWriter::putMethodInfo (1274 bytes)
Event: 26982.419 Thread 0x00007f8ace000800 nmethod 495 0x0000000122149310 code [0x00000001221494a0, 0x00000001221497c8]
Event: 26982.419 Thread 0x00007f8ace004800 nmethod 498 0x000000011acb1210 code [0x000000011acb18c0, 0x000000011acb4168]
Event: 26982.419 Thread 0x00007f8ace004800  497       3       org.eclipse.jdt.launching.internal.org.objectweb.asm.MethodWriter::hasFrames (13 bytes)
Event: 26982.420 Thread 0x00007f8ace004800 nmethod 497 0x000000011ac1ce10 code [0x000000011ac1cfa0, 0x000000011ac1d170]
Event: 27713.964 Thread 0x00007f8ace000800  499       4       org.eclipse.jdt.launching.internal.org.objectweb.asm.SymbolTable::addConstantUtf8Reference (101 bytes)
Event: 27713.998 Thread 0x00007f8ace000800 nmethod 499 0x0000000122147710 code [0x00000001221478e0, 0x0000000122148ac8]

GC Heap History (0 events):
No events

Deoptimization events (16 events):
Event: 0.131 Thread 0x00007f8acf801000 Uncommon trap: trap_request=0xffffff45 fr.pc=0x000000012211c924 relative=0x0000000000000b24
Event: 0.131 Thread 0x00007f8acf801000 Uncommon trap: reason=unstable_if action=reinterpret pc=0x000000012211c924 method=java.util.HashMap.putVal(ILjava/lang/Object;Ljava/lang/Object;ZZ)Ljava/lang/Object; @ 181 c2
Event: 0.131 Thread 0x00007f8acf801000 DEOPT PACKING pc=0x000000012211c924 sp=0x00007000066069d0
Event: 0.131 Thread 0x00007f8acf801000 DEOPT UNPACKING pc=0x000000011a68ee25 sp=0x0000700006606980 mode 2
Event: 0.227 Thread 0x00007f8acf801000 DEOPT PACKING pc=0x000000011ac40156 sp=0x0000700006604510
Event: 0.227 Thread 0x00007f8acf801000 DEOPT UNPACKING pc=0x000000011a68f33a sp=0x00007000066039f8 mode 0
Event: 0.227 Thread 0x00007f8acf801000 DEOPT PACKING pc=0x000000011ac40156 sp=0x0000700006604510
Event: 0.227 Thread 0x00007f8acf801000 DEOPT UNPACKING pc=0x000000011a68f33a sp=0x00007000066039f8 mode 0
Event: 0.229 Thread 0x00007f8acf801000 DEOPT PACKING pc=0x000000011ac40156 sp=0x0000700006604230
Event: 0.229 Thread 0x00007f8acf801000 DEOPT UNPACKING pc=0x000000011a68f33a sp=0x0000700006603718 mode 0
Event: 25452.654 Thread 0x00007f8ad080d800 Uncommon trap: trap_request=0xffffff45 fr.pc=0x00000001221465f8 relative=0x0000000000001e78
Event: 25452.654 Thread 0x00007f8ad080d800 Uncommon trap: reason=unstable_if action=reinterpret pc=0x00000001221465f8 method=org.eclipse.jdt.launching.internal.org.objectweb.asm.SymbolTable.addConstantMemberReference(ILjava/lang/String;Ljava/lang/String;Ljava/lang/String;)Lorg/eclipse/jdt/launchin
Event: 25452.654 Thread 0x00007f8ad080d800 DEOPT PACKING pc=0x00000001221465f8 sp=0x0000700007535f80
Event: 25452.654 Thread 0x00007f8ad080d800 DEOPT UNPACKING pc=0x000000011a68ee25 sp=0x0000700007535fa0 mode 2
Event: 25882.265 Thread 0x00007f8ad080d800 DEOPT PACKING pc=0x000000011ac9c5c2 sp=0x0000700007536110
Event: 25882.265 Thread 0x00007f8ad080d800 DEOPT UNPACKING pc=0x000000011a68f33a sp=0x00007000075358b0 mode 0

Classes unloaded (0 events):
No events

Classes redefined (20 events):
Event: 20166.526 Thread 0x00007f8acd824800 redefined class name=TestCircularArray, count=22
Event: 20190.042 Thread 0x00007f8acd824800 redefined class name=TestCircularArray, count=23
Event: 20220.081 Thread 0x00007f8acd824800 redefined class name=TestCircularArray, count=24
Event: 20233.176 Thread 0x00007f8acd824800 redefined class name=TestCircularArray, count=25
Event: 20251.374 Thread 0x00007f8acd824800 redefined class name=TestCircularArray, count=26
Event: 20515.354 Thread 0x00007f8acd824800 redefined class name=TestCircularArray, count=27
Event: 20530.139 Thread 0x00007f8acd824800 redefined class name=TestCircularArray, count=28
Event: 24911.032 Thread 0x00007f8acd824800 redefined class name=TestCircularArray, count=29
Event: 25151.638 Thread 0x00007f8acd824800 redefined class name=TestCircularArray, count=30
Event: 25179.177 Thread 0x00007f8acd824800 redefined class name=TestCircularArray, count=31
Event: 25485.445 Thread 0x00007f8acd824800 redefined class name=TestCircularArray, count=32
Event: 26808.437 Thread 0x00007f8acd824800 redefined class name=TestCircularArray, count=33
Event: 26817.354 Thread 0x00007f8acd824800 redefined class name=TestCircularArray, count=34
Event: 26835.940 Thread 0x00007f8acd824800 redefined class name=TestCircularArray, count=35
Event: 27006.334 Thread 0x00007f8acd824800 redefined class name=TestCircularArray, count=36
Event: 27713.968 Thread 0x00007f8acd824800 redefined class name=TestCircularArray, count=37
Event: 27727.774 Thread 0x00007f8acd824800 redefined class name=TestCircularArray, count=38
Event: 27810.985 Thread 0x00007f8acd824800 redefined class name=TestCircularArray, count=39
Event: 27836.987 Thread 0x00007f8acd824800 redefined class name=TestCircularArray, count=40
Event: 27970.978 Thread 0x00007f8acd824800 redefined class name=TestCircularArray, count=41

Internal exceptions (1 events):
Event: 0.239 Thread 0x00007f8acf801000 Exception <a 'java/lang/NullPointerException'{0x0000000787b853a0}> (0x0000000787b853a0) 
thrown [/scratch/mesos/slaves/d65fa3d4-10de-46aa-a2db-52cc9981537a-S157/frameworks/1735e8a2-a1db-478c-8104-60c8b0af87dd-0196/executors/cd04c109-7866-4c89-a9cb-580d1b4b0057/runs/bdf96710-70fa-465f-a6db-19a171d6559f/workspace/open/src/hotspot/share/interpreter/linkResolver.cpp, line 1349]

Events (20 events):
Event: 40004.881 Executing VM operation: GetCurrentContendedMonitor
Event: 40004.883 Executing VM operation: GetCurrentContendedMonitor done
Event: 40004.883 Executing VM operation: GetOwnedMonitorInfo
Event: 40004.884 Executing VM operation: GetOwnedMonitorInfo done
Event: 40005.801 Executing VM operation: GetCurrentContendedMonitor
Event: 40005.801 Executing VM operation: GetCurrentContendedMonitor done
Event: 40005.801 Executing VM operation: GetOwnedMonitorInfo
Event: 40005.801 Executing VM operation: GetOwnedMonitorInfo done
Event: 40007.016 Executing VM operation: GetFrameCount
Event: 40007.016 Executing VM operation: GetFrameCount done
Event: 40007.016 Executing VM operation: GetOwnedMonitorInfo
Event: 40007.016 Executing VM operation: GetOwnedMonitorInfo done
Event: 40007.016 Executing VM operation: GetCurrentContendedMonitor
Event: 40007.016 Executing VM operation: GetCurrentContendedMonitor done
Event: 40007.441 Executing VM operation: GetFrameCount
Event: 40007.441 Executing VM operation: GetFrameCount done
Event: 40007.441 Executing VM operation: GetOwnedMonitorInfo
Event: 40007.441 Executing VM operation: GetOwnedMonitorInfo done
Event: 40007.441 Executing VM operation: GetCurrentContendedMonitor
Event: 40007.441 Executing VM operation: GetCurrentContendedMonitor done


Dynamic libraries:
0x00007fff6eeef000 	/usr/lib/libz.1.dylib
0x0000000109e10000 	/Library/Java/JavaVirtualMachines/jdk-13.0.2.jdk/Contents/Home/lib/libjli.dylib
0x00007fff3768d000 	/System/Library/Frameworks/Cocoa.framework/Versions/A/Cocoa
0x00007fff44c5b000 	/System/Library/Frameworks/Security.framework/Versions/A/Security
0x00007fff36617000 	/System/Library/Frameworks/ApplicationServices.framework/Versions/A/ApplicationServices
0x00007fff6c9be000 	/usr/lib/libSystem.B.dylib
0x00007fff6f965000 	/usr/lib/system/libcache.dylib
0x00007fff6f96b000 	/usr/lib/system/libcommonCrypto.dylib
0x00007fff6f977000 	/usr/lib/system/libcompiler_rt.dylib
0x00007fff6f97f000 	/usr/lib/system/libcopyfile.dylib
0x00007fff6f989000 	/usr/lib/system/libcorecrypto.dylib
0x00007fff6fb37000 	/usr/lib/system/libdispatch.dylib
0x00007fff6fb79000 	/usr/lib/system/libdyld.dylib
0x00007fff6fbaf000 	/usr/lib/system/libkeymgr.dylib
0x00007fff6fbbd000 	/usr/lib/system/liblaunch.dylib
0x00007fff6fbbe000 	/usr/lib/system/libmacho.dylib
0x00007fff6fbc4000 	/usr/lib/system/libquarantine.dylib
0x00007fff6fbc7000 	/usr/lib/system/libremovefile.dylib
0x00007fff6fbc9000 	/usr/lib/system/libsystem_asl.dylib
0x00007fff6fbe1000 	/usr/lib/system/libsystem_blocks.dylib
0x00007fff6fbe2000 	/usr/lib/system/libsystem_c.dylib
0x00007fff6fc6a000 	/usr/lib/system/libsystem_configuration.dylib
0x00007fff6fc6e000 	/usr/lib/system/libsystem_coreservices.dylib
0x00007fff6fc72000 	/usr/lib/system/libsystem_darwin.dylib
0x00007fff6fc7b000 	/usr/lib/system/libsystem_dnssd.dylib
0x00007fff6fc83000 	/usr/lib/system/libsystem_featureflags.dylib
0x00007fff6fc85000 	/usr/lib/system/libsystem_info.dylib
0x00007fff6fd00000 	/usr/lib/system/libsystem_m.dylib
0x00007fff6fd48000 	/usr/lib/system/libsystem_malloc.dylib
0x00007fff6fd70000 	/usr/lib/system/libsystem_networkextension.dylib
0x00007fff6fd7e000 	/usr/lib/system/libsystem_notify.dylib
0x00007fff6fd9d000 	/usr/lib/system/libsystem_sandbox.dylib
0x00007fff6fda2000 	/usr/lib/system/libsystem_secinit.dylib
0x00007fff6fcd3000 	/usr/lib/system/libsystem_kernel.dylib
0x00007fff6fd88000 	/usr/lib/system/libsystem_platform.dylib
0x00007fff6fd92000 	/usr/lib/system/libsystem_pthread.dylib
0x00007fff6fda5000 	/usr/lib/system/libsystem_symptoms.dylib
0x00007fff6fdad000 	/usr/lib/system/libsystem_trace.dylib
0x00007fff6fdc5000 	/usr/lib/system/libunwind.dylib
0x00007fff6fdcb000 	/usr/lib/system/libxpc.dylib
0x00007fff6e813000 	/usr/lib/libobjc.A.dylib
0x00007fff6ccf8000 	/usr/lib/libc++abi.dylib
0x00007fff6cca4000 	/usr/lib/libc++.1.dylib
0x00007fff38604000 	/System/Library/Frameworks/CoreFoundation.framework/Versions/A/CoreFoundation
0x00007fff3acc9000 	/System/Library/Frameworks/Foundation.framework/Versions/C/Foundation
0x00007fff3580c000 	/System/Library/Frameworks/AppKit.framework/Versions/C/AppKit
0x00007fff38110000 	/System/Library/Frameworks/CoreData.framework/Versions/A/CoreData
0x00007fff69266000 	/System/Library/PrivateFrameworks/UIFoundation.framework/Versions/A/UIFoundation
0x00007fff63a42000 	/System/Library/PrivateFrameworks/RemoteViewServices.framework/Versions/A/RemoteViewServices
0x00007fff6bcf9000 	/System/Library/PrivateFrameworks/XCTTargetBootstrap.framework/Versions/A/XCTTargetBootstrap
0x00007fff384f3000 	/System/Library/Frameworks/CoreDisplay.framework/Versions/A/CoreDisplay
0x00007fff3da41000 	/System/Library/Frameworks/Metal.framework/Versions/A/Metal
0x00007fff51e5e000 	/System/Library/PrivateFrameworks/DesktopServicesPriv.framework/Versions/A/DesktopServicesPriv
0x00007fff6daf4000 	/usr/lib/liblangid.dylib
0x00007fff50faa000 	/System/Library/PrivateFrameworks/CoreSVG.framework/Versions/A/CoreSVG
0x00007fff66809000 	/System/Library/PrivateFrameworks/SkyLight.framework/Versions/A/SkyLight
0x00007fff38a86000 	/System/Library/Frameworks/CoreGraphics.framework/Versions/A/CoreGraphics
0x00007fff343ab000 	/System/Library/Frameworks/Accelerate.framework/Versions/A/Accelerate
0x00007fff6ede0000 	/usr/lib/libxml2.2.dylib
0x00007fff5cb6c000 	/System/Library/PrivateFrameworks/IconServices.framework/Versions/A/IconServices
0x00007fff3b4ae000 	/System/Library/Frameworks/IOSurface.framework/Versions/A/IOSurface
0x00007fff6c4f6000 	/usr/lib/libDiagnosticMessagesClient.dylib
0x00007fff51cd7000 	/System/Library/PrivateFrameworks/DFRFoundation.framework/Versions/A/DFRFoundation
0x00007fff6d882000 	/usr/lib/libicucore.A.dylib
0x00007fff36949000 	/System/Library/Frameworks/AudioToolbox.framework/Versions/A/AudioToolbox
0x00007fff36a2b000 	/System/Library/Frameworks/AudioUnit.framework/Versions/A/AudioUnit
0x00007fff6cbbf000 	/usr/lib/libauto.dylib
0x00007fff51d58000 	/System/Library/PrivateFrameworks/DataDetectorsCore.framework/Versions/A/DataDetectorsCore
0x00007fff371ad000 	/System/Library/Frameworks/Carbon.framework/Versions/A/Frameworks/HIToolbox.framework/Versions/A/HIToolbox
0x00007fff43e8c000 	/System/Library/Frameworks/QuartzCore.framework/Versions/A/QuartzCore
0x00007fff374ec000 	/System/Library/Frameworks/Carbon.framework/Versions/A/Frameworks/SpeechRecognition.framework/Versions/A/SpeechRecognition
0x00007fff5165d000 	/System/Library/PrivateFrameworks/CoreUI.framework/Versions/A/CoreUI
0x00007fff37b76000 	/System/Library/Frameworks/CoreAudio.framework/Versions/A/CoreAudio
0x00007fff3a991000 	/System/Library/Frameworks/DiskArbitration.framework/Versions/A/DiskArbitration
0x00007fff5eb81000 	/System/Library/PrivateFrameworks/MultitouchSupport.framework/Versions/A/MultitouchSupport
0x00007fff6d748000 	/usr/lib/libenergytrace.dylib
0x00007fff3b409000 	/System/Library/Frameworks/IOKit.framework/Versions/A/IOKit
0x00007fff399f4000 	/System/Library/Frameworks/CoreServices.framework/Versions/A/CoreServices
0x00007fff60c8e000 	/System/Library/PrivateFrameworks/PerformanceAnalysis.framework/Versions/A/PerformanceAnalysis
0x00007fff42ec2000 	/System/Library/Frameworks/OpenGL.framework/Versions/A/OpenGL
0x00007fff3769b000 	/System/Library/Frameworks/ColorSync.framework/Versions/A/ColorSync
0x00007fff3910d000 	/System/Library/Frameworks/CoreImage.framework/Versions/A/CoreImage
0x00007fff3a46a000 	/System/Library/Frameworks/CoreText.framework/Versions/A/CoreText
0x00007fff3b534000 	/System/Library/Frameworks/ImageIO.framework/Versions/A/ImageIO
0x00007fff6cd20000 	/usr/lib/libcompression.dylib
0x00007fff6c838000 	/usr/lib/libMobileGestalt.dylib
0x00007fff68348000 	/System/Library/PrivateFrameworks/TextureIO.framework/Versions/A/TextureIO
0x00007fff6cb25000 	/usr/lib/libate.dylib
0x00007fff5cd75000 	/System/Library/PrivateFrameworks/InternationalSupport.framework/Versions/A/InternationalSupport
0x00007fff6daf6000 	/usr/lib/liblzma.5.dylib
0x00007fff6d770000 	/usr/lib/libfakelink.dylib
0x00007fff6cab2000 	/usr/lib/libarchive.2.dylib
0x00007fff45dfd000 	/System/Library/Frameworks/SystemConfiguration.framework/Versions/A/SystemConfiguration
0x00007fff6c427000 	/usr/lib/libCRFSuite.dylib
0x00007fff36da1000 	/System/Library/Frameworks/CFNetwork.framework/Versions/A/CFNetwork
0x00007fff6cc86000 	/usr/lib/libbsm.0.dylib
0x00007fff6fbb0000 	/usr/lib/system/libkxld.dylib
0x00007fff4b78e000 	/System/Library/PrivateFrameworks/AppleFSCompression.framework/Versions/A/AppleFSCompression
0x00007fff6d007000 	/usr/lib/libcoretls.dylib
0x00007fff6d01e000 	/usr/lib/libcoretls_cfhelpers.dylib
0x00007fff6e857000 	/usr/lib/libpam.2.dylib
0x00007fff6e98a000 	/usr/lib/libsqlite3.dylib
0x00007fff6edcd000 	/usr/lib/libxar.1.dylib
0x00007fff6cc97000 	/usr/lib/libbz2.1.0.dylib
0x00007fff6d791000 	/usr/lib/libiconv.2.dylib
0x00007fff6cd0d000 	/usr/lib/libcharset.1.dylib
0x00007fff6e2fe000 	/usr/lib/libnetwork.dylib
0x00007fff6e85e000 	/usr/lib/libpcap.A.dylib
0x00007fff6ca67000 	/usr/lib/libapple_nghttp2.dylib
0x00007fff39dab000 	/System/Library/Frameworks/CoreServices.framework/Versions/A/Frameworks/FSEvents.framework/Versions/A/FSEvents
0x00007fff39a7b000 	/System/Library/Frameworks/CoreServices.framework/Versions/A/Frameworks/CarbonCore.framework/Versions/A/CarbonCore
0x00007fff39fee000 	/System/Library/Frameworks/CoreServices.framework/Versions/A/Frameworks/Metadata.framework/Versions/A/Metadata
0x00007fff3a087000 	/System/Library/Frameworks/CoreServices.framework/Versions/A/Frameworks/OSServices.framework/Versions/A/OSServices
0x00007fff3a0b5000 	/System/Library/Frameworks/CoreServices.framework/Versions/A/Frameworks/SearchKit.framework/Versions/A/SearchKit
0x00007fff399f5000 	/System/Library/Frameworks/CoreServices.framework/Versions/A/Frameworks/AE.framework/Versions/A/AE
0x00007fff39db4000 	/System/Library/Frameworks/CoreServices.framework/Versions/A/Frameworks/LaunchServices.framework/Versions/A/LaunchServices
0x00007fff39d5d000 	/System/Library/Frameworks/CoreServices.framework/Versions/A/Frameworks/DictionaryServices.framework/Versions/A/DictionaryServices
0x00007fff3a11d000 	/System/Library/Frameworks/CoreServices.framework/Versions/A/Frameworks/SharedFileList.framework/Versions/A/SharedFileList
0x00007fff3ed16000 	/System/Library/Frameworks/NetFS.framework/Versions/A/NetFS
0x00007fff5f0b1000 	/System/Library/PrivateFrameworks/NetAuth.framework/Versions/A/NetAuth
0x00007fff6c0c4000 	/System/Library/PrivateFrameworks/login.framework/Versions/A/Frameworks/loginsupport.framework/Versions/A/loginsupport
0x00007fff67e43000 	/System/Library/PrivateFrameworks/TCC.framework/Versions/A/TCC
0x00007fff50379000 	/System/Library/PrivateFrameworks/CoreNLP.framework/Versions/A/CoreNLP
0x00007fff5e5b1000 	/System/Library/PrivateFrameworks/MetadataUtilities.framework/Versions/A/MetadataUtilities
0x00007fff6dbce000 	/usr/lib/libmecabra.dylib
0x00007fff6db26000 	/usr/lib/libmecab.dylib
0x00007fff6d781000 	/usr/lib/libgermantok.dylib
0x00007fff6ca4e000 	/usr/lib/libThaiTokenizer.dylib
0x00007fff6c45f000 	/usr/lib/libChineseTokenizer.dylib
0x00007fff343c3000 	/System/Library/Frameworks/Accelerate.framework/Versions/A/Frameworks/vImage.framework/Versions/A/vImage
0x00007fff35666000 	/System/Library/Frameworks/Accelerate.framework/Versions/A/Frameworks/vecLib.framework/Versions/A/vecLib
0x00007fff355aa000 	/System/Library/Frameworks/Accelerate.framework/Versions/A/Frameworks/vecLib.framework/Versions/A/libvMisc.dylib
0x00007fff353d0000 	/System/Library/Frameworks/Accelerate.framework/Versions/A/Frameworks/vecLib.framework/Versions/A/libvDSP.dylib
0x00007fff34a2f000 	/System/Library/Frameworks/Accelerate.framework/Versions/A/Frameworks/vecLib.framework/Versions/A/libBLAS.dylib
0x00007fff34f8a000 	/System/Library/Frameworks/Accelerate.framework/Versions/A/Frameworks/vecLib.framework/Versions/A/libLAPACK.dylib
0x00007fff35330000 	/System/Library/Frameworks/Accelerate.framework/Versions/A/Frameworks/vecLib.framework/Versions/A/libLinearAlgebra.dylib
0x00007fff353bd000 	/System/Library/Frameworks/Accelerate.framework/Versions/A/Frameworks/vecLib.framework/Versions/A/libSparseBLAS.dylib
0x00007fff35346000 	/System/Library/Frameworks/Accelerate.framework/Versions/A/Frameworks/vecLib.framework/Versions/A/libQuadrature.dylib
0x00007fff34c99000 	/System/Library/Frameworks/Accelerate.framework/Versions/A/Frameworks/vecLib.framework/Versions/A/libBNNS.dylib
0x00007fff3534c000 	/System/Library/Frameworks/Accelerate.framework/Versions/A/Frameworks/vecLib.framework/Versions/A/libSparse.dylib
0x00007fff5d134000 	/System/Library/PrivateFrameworks/LanguageModeling.framework/Versions/A/LanguageModeling
0x00007fff4fd15000 	/System/Library/PrivateFrameworks/CoreEmoji.framework/Versions/A/CoreEmoji
0x00007fff5d252000 	/System/Library/PrivateFrameworks/LinguisticData.framework/Versions/A/LinguisticData
0x00007fff5d203000 	/System/Library/PrivateFrameworks/Lexicon.framework/Versions/A/Lexicon
0x00007fff6cd0e000 	/usr/lib/libcmph.dylib
0x00007fff418e8000 	/System/Library/Frameworks/OpenDirectory.framework/Versions/A/Frameworks/CFOpenDirectory.framework/Versions/A/CFOpenDirectory
0x00007fff41905000 	/System/Library/Frameworks/OpenDirectory.framework/Versions/A/OpenDirectory
0x00007fff49bd2000 	/System/Library/PrivateFrameworks/APFS.framework/Versions/A/APFS
0x00007fff44fae000 	/System/Library/Frameworks/SecurityFoundation.framework/Versions/A/SecurityFoundation
0x00007fff6edc9000 	/usr/lib/libutil.dylib
0x00007fff51002000 	/System/Library/PrivateFrameworks/CoreServicesStore.framework/Versions/A/CoreServicesStore
0x00007fff45066000 	/System/Library/Frameworks/ServiceManagement.framework/Versions/A/ServiceManagement
0x00007fff4cf45000 	/System/Library/PrivateFrameworks/BackgroundTaskManagement.framework/Versions/A/BackgroundTaskManagement
0x00007fff6eec6000 	/usr/lib/libxslt.1.dylib
0x00007fff4bdf3000 	/System/Library/PrivateFrameworks/AppleSystemInfo.framework/Versions/A/AppleSystemInfo
0x00007fff3b751000 	/System/Library/Frameworks/ImageIO.framework/Versions/A/Resources/libJPEG.dylib
0x00007fff3ba10000 	/System/Library/Frameworks/ImageIO.framework/Versions/A/Resources/libTIFF.dylib
0x00007fff3b9f3000 	/System/Library/Frameworks/ImageIO.framework/Versions/A/Resources/libPng.dylib
0x00007fff3b692000 	/System/Library/Frameworks/ImageIO.framework/Versions/A/Resources/libGIF.dylib
0x00007fff3b696000 	/System/Library/Frameworks/ImageIO.framework/Versions/A/Resources/libJP2.dylib
0x00007fff3ba0e000 	/System/Library/Frameworks/ImageIO.framework/Versions/A/Resources/libRadiance.dylib
0x00007fff6d749000 	/usr/lib/libexpat.1.dylib
0x00007fff4b8e9000 	/System/Library/PrivateFrameworks/AppleJPEG.framework/Versions/A/AppleJPEG
0x00007fff54266000 	/System/Library/PrivateFrameworks/FontServices.framework/libFontParser.dylib
0x00007fff6b11b000 	/System/Library/PrivateFrameworks/WatchdogClient.framework/Versions/A/WatchdogClient
0x00007fff5c7c1000 	/System/Library/PrivateFrameworks/IOAccelerator.framework/Versions/A/IOAccelerator
0x00007fff3ddcf000 	/System/Library/Frameworks/MetalPerformanceShaders.framework/Versions/A/MetalPerformanceShaders
0x00007fff58fb4000 	/System/Library/PrivateFrameworks/GPUWrangler.framework/Versions/A/GPUWrangler
0x00007fff5c7cc000 	/System/Library/PrivateFrameworks/IOPresentment.framework/Versions/A/IOPresentment
0x00007fff51cea000 	/System/Library/PrivateFrameworks/DSExternalDisplay.framework/Versions/A/DSExternalDisplay
0x00007fff4226e000 	/System/Library/Frameworks/OpenGL.framework/Versions/A/Libraries/libCoreFSCache.dylib
0x00007fff3db21000 	/System/Library/Frameworks/MetalPerformanceShaders.framework/Frameworks/MPSCore.framework/Versions/A/MPSCore
0x00007fff3db5e000 	/System/Library/Frameworks/MetalPerformanceShaders.framework/Frameworks/MPSImage.framework/Versions/A/MPSImage
0x00007fff3dc20000 	/System/Library/Frameworks/MetalPerformanceShaders.framework/Frameworks/MPSNeuralNetwork.framework/Versions/A/MPSNeuralNetwork
0x00007fff3dbe5000 	/System/Library/Frameworks/MetalPerformanceShaders.framework/Frameworks/MPSMatrix.framework/Versions/A/MPSMatrix
0x00007fff3dd80000 	/System/Library/Frameworks/MetalPerformanceShaders.framework/Frameworks/MPSRayIntersector.framework/Versions/A/MPSRayIntersector
0x00007fff3dc0a000 	/System/Library/Frameworks/MetalPerformanceShaders.framework/Frameworks/MPSNDArray.framework/Versions/A/MPSNDArray
0x00007fff5e5fe000 	/System/Library/PrivateFrameworks/MetalTools.framework/Versions/A/MetalTools
0x00007fff4ad97000 	/System/Library/PrivateFrameworks/AggregateDictionary.framework/Versions/A/AggregateDictionary
0x00007fff4f79f000 	/System/Library/PrivateFrameworks/CoreAnalytics.framework/Versions/A/CoreAnalytics
0x00007fff4bd11000 	/System/Library/PrivateFrameworks/AppleSauce.framework/Versions/A/AppleSauce
0x00007fff6c71b000 	/usr/lib/libIOReport.dylib
0x00007fff3a61f000 	/System/Library/Frameworks/CoreVideo.framework/Versions/A/CoreVideo
0x00007fff5a422000 	/System/Library/PrivateFrameworks/GraphVisualizer.framework/Versions/A/GraphVisualizer
0x00007fff537e7000 	/System/Library/PrivateFrameworks/FaceCore.framework/Versions/A/FaceCore
0x00007fff4188f000 	/System/Library/Frameworks/OpenCL.framework/Versions/A/OpenCL
0x00007fff6c53d000 	/usr/lib/libFosl_dynamic.dylib
0x00007fff5faac000 	/System/Library/PrivateFrameworks/OTSVG.framework/Versions/A/OTSVG
0x00007fff3671c000 	/System/Library/Frameworks/ApplicationServices.framework/Versions/A/Frameworks/ATS.framework/Versions/A/Resources/libFontRegistry.dylib
0x00007fff54437000 	/System/Library/PrivateFrameworks/FontServices.framework/libhvf.dylib
0x00007fff42279000 	/System/Library/Frameworks/OpenGL.framework/Versions/A/Libraries/libGFXShared.dylib
0x00007fff42456000 	/System/Library/Frameworks/OpenGL.framework/Versions/A/Libraries/libGLU.dylib
0x00007fff42282000 	/System/Library/Frameworks/OpenGL.framework/Versions/A/Libraries/libGL.dylib
0x00007fff4228d000 	/System/Library/Frameworks/OpenGL.framework/Versions/A/Libraries/libGLImage.dylib
0x00007fff4226b000 	/System/Library/Frameworks/OpenGL.framework/Versions/A/Libraries/libCVMSPluginSupport.dylib
0x00007fff42274000 	/System/Library/Frameworks/OpenGL.framework/Versions/A/Libraries/libCoreVMClient.dylib
0x00007fff6e1a0000 	/usr/lib/libncurses.5.4.dylib
0x00007fff36618000 	/System/Library/Frameworks/ApplicationServices.framework/Versions/A/Frameworks/ATS.framework/Versions/A/ATS
0x00007fff367e5000 	/System/Library/Frameworks/ApplicationServices.framework/Versions/A/Frameworks/ColorSyncLegacy.framework/Versions/A/ColorSyncLegacy
0x00007fff36884000 	/System/Library/Frameworks/ApplicationServices.framework/Versions/A/Frameworks/HIServices.framework/Versions/A/HIServices
0x00007fff368db000 	/System/Library/Frameworks/ApplicationServices.framework/Versions/A/Frameworks/LangAnalysis.framework/Versions/A/LangAnalysis
0x00007fff368ea000 	/System/Library/Frameworks/ApplicationServices.framework/Versions/A/Frameworks/PrintCore.framework/Versions/A/PrintCore
0x00007fff36930000 	/System/Library/Frameworks/ApplicationServices.framework/Versions/A/Frameworks/QD.framework/Versions/A/QD
0x00007fff3693b000 	/System/Library/Frameworks/ApplicationServices.framework/Versions/A/Frameworks/SpeechSynthesis.framework/Versions/A/SpeechSynthesis
0x00007fff367b5000 	/System/Library/Frameworks/ApplicationServices.framework/Versions/A/Frameworks/ATSUI.framework/Versions/A/ATSUI
0x00007fff6d5dd000 	/usr/lib/libcups.2.dylib
0x00007fff3ce7e000 	/System/Library/Frameworks/Kerberos.framework/Versions/A/Kerberos
0x00007fff3b0fe000 	/System/Library/Frameworks/GSS.framework/Versions/A/GSS
0x00007fff6e916000 	/usr/lib/libresolv.9.dylib
0x00007fff5a5c3000 	/System/Library/PrivateFrameworks/Heimdal.framework/Versions/A/Heimdal
0x00007fff3ce91000 	/System/Library/Frameworks/Kerberos.framework/Versions/A/Libraries/libHeimdalProxy.dylib
0x00007fff6d787000 	/usr/lib/libheimdal-asn1.dylib
0x00007fff4ec45000 	/System/Library/PrivateFrameworks/CommonAuth.framework/Versions/A/CommonAuth
0x00007fff4be90000 	/System/Library/PrivateFrameworks/AssertionServices.framework/Versions/A/AssertionServices
0x00007fff4ca33000 	/System/Library/PrivateFrameworks/AudioToolboxCore.framework/Versions/A/AudioToolboxCore
0x00007fff6bd75000 	/System/Library/PrivateFrameworks/caulk.framework/Versions/A/caulk
0x00007fff4cff1000 	/System/Library/PrivateFrameworks/BaseBoard.framework/Versions/A/BaseBoard
0x00007fff63bd1000 	/System/Library/PrivateFrameworks/RunningBoardServices.framework/Versions/A/RunningBoardServices
0x00007fff60c9a000 	/System/Library/PrivateFrameworks/PersistentConnection.framework/Versions/A/PersistentConnection
0x00007fff63620000 	/System/Library/PrivateFrameworks/ProtocolBuffer.framework/Versions/A/ProtocolBuffer
0x00007fff4ec6a000 	/System/Library/PrivateFrameworks/CommonUtilities.framework/Versions/A/CommonUtilities
0x00007fff4d174000 	/System/Library/PrivateFrameworks/Bom.framework/Versions/A/Bom
0x00007fff6c3ea000 	/usr/lib/libAudioToolboxUtility.dylib
0x00007fff4cf4f000 	/System/Library/PrivateFrameworks/Backup.framework/Versions/A/Backup
0x00007fff51a5a000 	/System/Library/PrivateFrameworks/CrashReporterSupport.framework/Versions/A/CrashReporterSupport
0x00007fff656cd000 	/System/Library/PrivateFrameworks/Sharing.framework/Versions/A/Sharing
0x00007fff4b634000 	/System/Library/PrivateFrameworks/Apple80211.framework/Versions/A/Apple80211
0x00007fff4cc71000 	/System/Library/PrivateFrameworks/AuthKit.framework/Versions/A/AuthKit
0x00007fff5178a000 	/System/Library/PrivateFrameworks/CoreUtils.framework/Versions/A/CoreUtils
0x00007fff3a664000 	/System/Library/Frameworks/CoreWLAN.framework/Versions/A/CoreWLAN
0x00007fff3b28a000 	/System/Library/Frameworks/IOBluetooth.framework/Versions/A/IOBluetooth
0x00007fff5e8fc000 	/System/Library/PrivateFrameworks/MobileKeyBag.framework/Versions/A/MobileKeyBag
0x00007fff50855000 	/System/Library/PrivateFrameworks/CorePhoneNumbers.framework/Versions/A/CorePhoneNumbers
0x00007fff4b89c000 	/System/Library/PrivateFrameworks/AppleIDAuthSupport.framework/Versions/A/AppleIDAuthSupport
0x00007fff3ed23000 	/System/Library/Frameworks/Network.framework/Versions/A/Network
0x00007fff5cfbc000 	/System/Library/PrivateFrameworks/KeychainCircle.framework/Versions/A/KeychainCircle
0x00007fff380d8000 	/System/Library/Frameworks/CoreBluetooth.framework/Versions/A/CoreBluetooth
0x00007fff67349000 	/System/Library/PrivateFrameworks/SpeechRecognitionCore.framework/Versions/A/SpeechRecognitionCore
0x000000010b000000 	/Library/Java/JavaVirtualMachines/jdk-13.0.2.jdk/Contents/Home/lib/server/libjvm.dylib
0x0000000109e35000 	/Library/Java/JavaVirtualMachines/jdk-13.0.2.jdk/Contents/Home/lib/libverify.dylib
0x0000000109e41000 	/Library/Java/JavaVirtualMachines/jdk-13.0.2.jdk/Contents/Home/lib/libjava.dylib
0x0000000109e7f000 	/Library/Java/JavaVirtualMachines/jdk-13.0.2.jdk/Contents/Home/lib/libjdwp.dylib
0x0000000109eb5000 	/Library/Java/JavaVirtualMachines/jdk-13.0.2.jdk/Contents/Home/lib/libinstrument.dylib
0x0000000109f38000 	/Library/Java/JavaVirtualMachines/jdk-13.0.2.jdk/Contents/Home/lib/libzip.dylib
0x0000000109f3f000 	/Library/Java/JavaVirtualMachines/jdk-13.0.2.jdk/Contents/Home/lib/libjimage.dylib
0x0000000109ff6000 	/Library/Java/JavaVirtualMachines/jdk-13.0.2.jdk/Contents/Home/lib/libdt_socket.dylib
0x0000000111e01000 	/Library/Java/JavaVirtualMachines/jdk-13.0.2.jdk/Contents/Home/lib/libnio.dylib
0x0000000111e0f000 	/Library/Java/JavaVirtualMachines/jdk-13.0.2.jdk/Contents/Home/lib/libnet.dylib


VM Arguments:
jvm_args: -agentlib:jdwp=transport=dt_socket,suspend=y,address=localhost:62223 -javaagent:/Users/ryanxu/eclipse/java-2019-122/Eclipse.app/Contents/Eclipse/configuration/org.eclipse.osgi/219/0/.cp/lib/javaagent-shaded.jar -Dfile.encoding=UTF-8 
java_command: TestCircularArray
java_class_path (initial): /Users/ryanxu/Documents/Coding/CS 1027/Assignment 4/bin
Launcher Type: SUN_STANDARD

[Global flags]
     intx CICompilerCount                          = 4                                         {product} {ergonomic}
     uint ConcGCThreads                            = 2                                         {product} {ergonomic}
     uint G1ConcRefinementThreads                  = 8                                         {product} {ergonomic}
   size_t G1HeapRegionSize                         = 1048576                                   {product} {ergonomic}
    uintx GCDrainStackTargetSize                   = 64                                        {product} {ergonomic}
   size_t InitialHeapSize                          = 134217728                                 {product} {ergonomic}
   size_t MarkStackSize                            = 4194304                                   {product} {ergonomic}
   size_t MaxHeapSize                              = 2147483648                                {product} {ergonomic}
   size_t MaxNewSize                               = 1287651328                                {product} {ergonomic}
   size_t MinHeapDeltaBytes                        = 1048576                                   {product} {ergonomic}
   size_t MinHeapSize                              = 8388608                                   {product} {ergonomic}
    uintx NonNMethodCodeHeapSize                   = 5839372                                {pd product} {ergonomic}
    uintx NonProfiledCodeHeapSize                  = 122909434                              {pd product} {ergonomic}
    uintx ProfiledCodeHeapSize                     = 122909434                              {pd product} {ergonomic}
    uintx ReservedCodeCacheSize                    = 251658240                              {pd product} {ergonomic}
     bool SegmentedCodeCache                       = true                                      {product} {ergonomic}
   size_t SoftMaxHeapSize                          = 2147483648                             {manageable} {ergonomic}
     bool UseCompressedClassPointers               = true                                 {lp64_product} {ergonomic}
     bool UseCompressedOops                        = true                                 {lp64_product} {ergonomic}
     bool UseG1GC                                  = true                                      {product} {ergonomic}

Logging:
Log output configuration:
 #0: stdout all=warning uptime,level,tags
 #1: stderr all=off uptime,level,tags

Environment Variables:
PATH=/usr/bin:/bin:/usr/sbin:/sbin
SHELL=/bin/bash

Signal Handlers:
SIGSEGV: [libjvm.dylib+0x77ba40], sa_mask[0]=11111111011111110111111111111111, sa_flags=SA_ONSTACK|SA_RESTART|SA_SIGINFO
SIGBUS: [libjvm.dylib+0x77ba40], sa_mask[0]=11111111011111110111111111111111, sa_flags=SA_RESTART|SA_SIGINFO
SIGFPE: [libjvm.dylib+0x77ba40], sa_mask[0]=11111111011111110111111111111111, sa_flags=SA_RESTART|SA_SIGINFO
SIGPIPE: [libjvm.dylib+0x6221fd], sa_mask[0]=11111111011111110111111111111111, sa_flags=SA_RESTART|SA_SIGINFO
SIGXFSZ: [libjvm.dylib+0x6221fd], sa_mask[0]=11111111011111110111111111111111, sa_flags=SA_RESTART|SA_SIGINFO
SIGILL: [libjvm.dylib+0x77ba40], sa_mask[0]=11111111011111110111111111111111, sa_flags=SA_RESTART|SA_SIGINFO
SIGUSR2: [libjvm.dylib+0x6227e7], sa_mask[0]=00100000000000000000000000000000, sa_flags=SA_RESTART|SA_SIGINFO
SIGHUP: [libjvm.dylib+0x6217d5], sa_mask[0]=11111111011111110111111111111111, sa_flags=SA_RESTART|SA_SIGINFO
SIGINT: [libjvm.dylib+0x6217d5], sa_mask[0]=11111111011111110111111111111111, sa_flags=SA_RESTART|SA_SIGINFO
SIGTERM: [libjvm.dylib+0x6217d5], sa_mask[0]=11111111011111110111111111111111, sa_flags=SA_RESTART|SA_SIGINFO
SIGQUIT: [libjvm.dylib+0x6217d5], sa_mask[0]=11111111011111110111111111111111, sa_flags=SA_RESTART|SA_SIGINFO


---------------  S Y S T E M  ---------------

OS:uname:Darwin 19.3.0 Darwin Kernel Version 19.3.0: Thu Jan  9 20:58:23 PST 2020; root:xnu-6153.81.5~1/RELEASE_X86_64 x86_64
rlimit: STACK 8192k, CORE 0k, NPROC 1392, NOFILE 10240, AS infinity, DATA infinity, FSIZE infinity
load average:1.92 2.03 2.12

CPU:total 8 (initial active 8) (4 cores per cpu, 2 threads per core) family 6 model 142 stepping 10, cmov, cx8, fxsr, mmx, sse, sse2, sse3, ssse3, sse4.1, sse4.2, popcnt, avx, avx2, aes, clmul, erms, 3dnowpref, lzcnt, ht, tsc, tscinvbit, bmi1, bmi2, adx, fma

Memory: 4k page, physical 8388608k(42744k free), swap 4194304k(1286144k free)

vm_info: Java HotSpot(TM) 64-Bit Server VM (13.0.2+8) for bsd-amd64 JRE (13.0.2+8), built on Dec 11 2019 09:27:08 by "mach5one" with clang 4.2.1 Compatible Apple LLVM 10.0.0 (clang-1000.11.45.5)

END.
