#
# A fatal error has been detected by the Java Runtime Environment:
#
#  SIGSEGV (0xb) at pc=0x000000010874e5b6, pid=14716, tid=21763
#
# JRE version: Java(TM) SE Runtime Environment (13.0.2+8) (build 13.0.2+8)
# Java VM: Java HotSpot(TM) 64-Bit Server VM (13.0.2+8, mixed mode, sharing, tiered, compressed oops, g1 gc, bsd-amd64)
# Problematic frame:
# C  [libjimage.dylib+0x25b6]  ImageFileReader::find_location_index(char const*, unsigned long long*) const+0x2c
#
# No core dump will be written. Core dumps have been disabled. To enable core dumping, try "ulimit -c unlimited" before starting Java again
#
# If you would like to submit a bug report, please visit:
#   http://bugreport.java.com/bugreport/crash.jsp
#

---------------  S U M M A R Y ------------

Command Line: -agentlib:jdwp=transport=dt_socket,suspend=y,address=localhost:65432 -javaagent:/Users/ryanxu/eclipse/java-2019-122/Eclipse.app/Contents/Eclipse/configuration/org.eclipse.osgi/219/0/.cp/lib/javaagent-shaded.jar -Dfile.encoding=UTF-8 TestCircularArray

Host: MacBookPro15,4 x86_64 1400 MHz, 8 cores, 8G, Darwin 19.3.0
Time: Sat Apr  4 11:04:44 2020 EDT elapsed time: 6417 seconds (0d 1h 46m 57s)

---------------  T H R E A D  ---------------

Current thread (0x00007f8cc6001800):  JavaThread "Signal Dispatcher" daemon [_thread_in_vm, id=21763, stack(0x0000700008284000,0x0000700008384000)]

Stack: [0x0000700008284000,0x0000700008384000],  sp=0x0000700008382330,  free space=1016k
Native frames: (J=compiled Java code, A=aot compiled Java code, j=interpreted, Vv=VM code, C=native code)
C  [libjimage.dylib+0x25b6]  ImageFileReader::find_location_index(char const*, unsigned long long*) const+0x2c
C  [libjimage.dylib+0x280a]  JIMAGE_FindResource+0xcf
V  [libjvm.dylib+0x1e5181]  ClassPathImageEntry::open_stream_for_loader(char const*, ClassLoaderData*, Thread*)+0x49
V  [libjvm.dylib+0x1e759d]