#
# A fatal error has been detected by the Java Runtime Environment:
#
#  SIGBUS (0xa) at pc=0x000000010be5188f, pid=12094, tid=42499
#
# JRE version: Java(TM) SE Runtime Environment (13.0.2+8) (build 13.0.2+8)
# Java VM: Java HotSpot(TM) 64-Bit Server VM (13.0.2+8, mixed mode, sharing, tiered, compressed oops, g1 gc, bsd-amd64)
# Problematic frame:
# V  [libjvm.dylib+0x25188f]  _ZN12ConstantPool31impl_name_and_type_ref_index_atEib+0x23
#
# No core dump will be written. Core dumps have been disabled. To enable core dumping, try "ulimit -c unlimited" before starting Java again
#
# If you would like to submit a bug report, please visit:
#   http://bugreport.java.com/bugreport/crash.jsp
#

---------------  S U M M A R Y ------------

Command Line: -agentlib:jdwp=transport=dt_socket,suspend=y,address=localhost:62096 -javaagent:/Users/ryanxu/eclipse/java-2019-122/Eclipse.app/Contents/Eclipse/configuration/org.eclipse.osgi/219/0/.cp/lib/javaagent-shaded.jar -Dfile.encoding=UTF-8 TestCircularArray

Host: MacBookPro15,4 x86_64 1400 MHz, 8 cores, 8G, Darwin 19.3.0
Time: Thu Apr  2 05:02:51 2020 EDT elapsed time: 305 seconds (0d 0h 5m 5s)

---------------  T H R E A D  ---------------

Current thread (0x00007fd50110a800):  JavaThread "JDWP Transport Listener: dt_socket" daemon [_thread_in_vm, id=42499, stack(0x0000700001f29000,0x0000700002029000)] _threads_hazard_ptr=0x00007fd500548d50

Stack: [0x0000700001f29000,0x0000700002029000],  sp=0x0000700002027f80,  free space=1019k
Native frames: (J=compiled Java code, A=aot compiled Java code, j=interpreted, Vv=VM code, C=native code)
V  [libjvm.dylib+0x25188f]  _ZN12ConstantPool31impl_name_and_type_ref_index_atEib+0x23
V  [libjvm.dylib+0x2518b6]  _ZN12ConstantPool21impl_signature_ref_atEib+0xe
V  [libjvm.dylib+0x34671a]  _ZN14GenerateOopMap9do_methodEiiii+0x40
V  [libjvm.dylib+0x344e37]  _ZN14GenerateOopMap9interp_bbEP10BasicBlock+0xdb
V  [libjvm.dylib+0x344b58]  _ZN14GenerateOopMap10interp_allEv+0x3c
V  [libjvm.dylib+0x344809]  _ZN14GenerateOopMap17do_interpretationEv+0x4b
V  [libjvm.dylib+0x346f35]  _ZN14GenerateOopMap11compute_mapEP6Thread+0x165
V  [libjvm.dylib+0x617c52]  _ZN19OopMapForCacheEntry11compute_mapEP6Thread+0x54
V  [libjvm.dylib+0x618434]  _ZN16OopMapCacheEntry4fillERK12methodHandlei+0xac
V  [libjvm.dylib+0x618d65]  _ZN11OopMapCache19compute_one_oop_mapERK12methodHandleiP17InterpreterOopMap+0x5d
V  [libjvm.dylib+0x5e1864]  _ZN6Method8mask_forEiP17InterpreterOopMap+0x7e
V  [libjvm.dylib+0x770a02]  _ZNK17interpretedVFrame10stack_dataEb+0x48
V  [libjvm.dylib+0x4f9431]  _ZN16VM_GetOrSetLocal22check_slot_type_no_lvtEP10javaVFrame+0x4d
V  [libjvm.dylib+0x4f94df]  _ZN16VM_GetOrSetLocal13doit_prologueEv+0x4f
V  [libjvm.dylib+0x783af0]  _ZN8VMThread7executeEP12VM_Operation+0x13e
V  [libjvm.dylib+0x4e5682]  _ZN8JvmtiEnv14GetLocalObjectEP10JavaThreadiiPP8_jobject+0x54
V  [libjvm.dylib+0x4a79d7]  _ZL20jvmti_GetLocalObjectP9_jvmtiEnvP8_jobjectiiPS2_+0x157
C  [libjdwp.dylib+0x69fa]  getValues+0x186
C  [libjdwp.dylib+0xece9]  debugLoop_run+0x1f1
C  [libjdwp.dylib+0x1fe0c]  attachThread+0x4c
V  [libjvm.dylib+0x4f7f42]  _ZN16JvmtiAgentThread19call_start_functionEv+0x38
V  [libjvm.dylib+0x72a2f4]  _ZN10JavaThread17thread_main_innerEv+0x86
V  [libjvm.dylib+0x72a132]  _ZN10JavaThread3runEv+0x124
V  [libjvm.dylib+0x727f51]  _ZN6Thread8call_runEv+0x71
V  [libjvm.dylib+0x6206a5]  _ZL19thread_native_entryP6Thread+0x132
C  [libsystem_pthread.dylib+0x5e65]  _pthread_start+0x94
C  [libsystem_pthread.dylib+0x183b]  thread_start+0xf


siginfo: si_signo: 10 (SIGBUS), si_code: 2 (BUS_ADRERR), si_addr: 0x00000001172b63c8

Register to memory mapping:

RAX=0x00000001171ae220 is pointing into metadata
RBX=0x00000001171acdd0 is pointing into metadata
RCX=0x000000000000ffff is an unknown value
RDX=0x0000000000108180 is an unknown value
RSP=0x0000700002027f80 is pointing into the stack for thread: 0x00007fd50110a800
RBP=0x0000700002027f80 is pointing into the stack for thread: 0x00007fd50110a800
RSI=0x000000000000840c is an unknown value
RDI=0x00000001171acdd0 is pointing into metadata
R8 =0x0000000000000139 is an unknown value
R9 =0x0000000047000000 is an unknown value
R10=0x0000000047000000 is an unknown value
R11=0x0000000000000001 is an unknown value
R12=0x0000000000000144 is an unknown value
R13=0x00007000020285f0 is pointing into the stack for thread: 0x00007fd50110a800
R14=0x0 is NULL
R15=0x0000000000000139 is an unknown value


Registers:
RAX=0x00000001171ae220, RBX=0x00000001171acdd0, RCX=0x000000000000ffff, RDX=0x0000000000108180
RSP=0x0000700002027f80, RBP=0x0000700002027f80, RSI=0x000000000000840c, RDI=0x00000001171acdd0
R8 =0x0000000000000139, R9 =0x0000000047000000, R10=0x0000000047000000, R11=0x0000000000000001
R12=0x0000000000000144, R13=0x00007000020285f0, R14=0x0000000000000000, R15=0x0000000000000139
RIP=0x000000010be5188f, EFLAGS=0x0000000000010202, ERR=0x0000000000000004
  TRAPNO=0x000000000000000e

Top of Stack: (sp=0x0000700002027f80)
0x0000700002027f80:   0000700002027fa0 000000010be518b6
0x0000700002027f90:   00000001171ad480 00007000020285f0
0x0000700002027fa0:   0000700002028430 000000010bf4671a
0x0000700002027fb0:   000000010c5271a8 00000008003db488
0x0000700002027fc0:   0000000000000003 000000000000000c
0x0000700002027fd0:   0000700002027fe0 0000000000000002
0x0000700002027fe0:   2fffffff4fffffff 000000002fffffff
0x0000700002027ff0:   0000000000000000 0000000000000000
0x0000700002028000:   0000000000000000 0000000000000000
0x0000700002028010:   0000000000000000 0000000000000000
0x0000700002028020:   0000000000000000 0000000000000000
0x0000700002028030:   0000000000000000 0000000000000000
0x0000700002028040:   0000000000000000 0000000000000000
0x0000700002028050:   0000000000000000 0000000000000000
0x0000700002028060:   0000000000000000 0000000000000000
0x0000700002028070:   0000000000000000 0000000000000000
0x0000700002028080:   0000000000000000 0000000000000000
0x0000700002028090:   0000000000000000 0000000000000000
0x00007000020280a0:   0000000000000000 0000000000000000
0x00007000020280b0:   0000000000000000 0000000000000000
0x00007000020280c0:   0000000000000000 0000000000000000
0x00007000020280d0:   0000000000000000 0000000000000000
0x00007000020280e0:   0000000000000000 0000000000000000
0x00007000020280f0:   0000000000000000 0000000000000000
0x0000700002028100:   0000000000000000 0000000000000000
0x0000700002028110:   0000000000000000 0000000000000000
0x0000700002028120:   0000000000000000 0000000000000000
0x0000700002028130:   0000000000000000 0000000000000000
0x0000700002028140:   0000000000000000 0000000000000000
0x0000700002028150:   0000000000000000 0000000000000000
0x0000700002028160:   0000000000000000 0000000000000000
0x0000700002028170:   0000000000000000 0000000000000000 

Instructions: (pc=0x000000010be5188f)
0x000000010be5178f:   e5 48 8b 07 48 8b 40 10 48 85 c0 74 2a 89 f1 c1
0x000000010be5179f:   f9 1f 31 f1 48 63 c9 48 c1 e1 05 48 8b 54 08 30
0x000000010be517af:   48 83 fa 00 74 11 48 83 c0 28 48 8b 44 08 18 c1
0x000000010be517bf:   e8 18 83 e0 01 eb 02 31 c0 5d c3 55 48 89 e5 48
0x000000010be517cf:   89 f8 48 8b 08 48 8b 49 10 48 85 c9 74 1c 89 f2
0x000000010be517df:   c1 fa 1f 31 f2 48 63 d2 48 c1 e2 05 48 8d 7c 11
0x000000010be517ef:   28 48 89 c6 5d e9 1f 64 00 00 31 c0 5d c3 90 55
0x000000010be517ff:   48 89 e5 48 8b 07 48 8b 40 10 48 85 c0 74 2a 89
0x000000010be5180f:   f1 c1 f9 1f 31 f1 48 63 c9 48 c1 e1 05 48 8b 54
0x000000010be5181f:   08 30 48 83 fa 00 74 11 48 83 c0 28 48 8b 44 08
0x000000010be5182f:   18 c1 e8 19 83 e0 01 eb 02 31 c0 5d c3 55 48 89
0x000000010be5183f:   e5 53 50 48 89 fb e8 22 00 00 00 48 98 0f b7 44
0x000000010be5184f:   c3 40 48 8b 44 c3 40 48 83 c4 08 5b 5d c3 90 55
0x000000010be5185f:   48 89 e5 48 63 c6 0f b7 44 c7 40 5d c3 55 48 89
0x000000010be5186f:   e5 85 d2 75 22 48 8b 47 10 48 85 c0 74 19 85 f6
0x000000010be5187f:   79 02 f7 d6 48 63 d6 48 c1 e2 05 b9 ff ff 00 00
0x000000010be5188f:   48 23 4c 10 28 eb 0b 48 8b 47 08 48 63 ce 8a 44
0x000000010be5189f:   08 04 0f b7 44 cf 42 5d c3 55 48 89 e5 53 50 48
0x000000010be518af:   89 fb e8 b6 ff ff ff 48 98 0f b7 44 c3 42 48 8b
0x000000010be518bf:   44 c3 40 48 83 c4 08 5b 5d c3 90 55 48 89 e5 48
0x000000010be518cf:   63 c6 0f b7 44 c7 42 5d c3 55 48 89 e5 48 8b 47
0x000000010be518df:   10 48 63 ce 48 c1 e1 05 48 8b 44 08 28 0f b7 c0
0x000000010be518ef:   5d c3 90 55 48 89 e5 85 d2 75 1e 48 8b 47 10 48
0x000000010be518ff:   85 c0 74 15 85 f6 79 02 f7 d6 48 63 ce 48 c1 e1
0x000000010be5190f:   05 48 8b 44 08 28 0f b7 f0 48 8b 47 08 48 63 ce
0x000000010be5191f:   8a 44 08 04 5d c3 90 55 48 89 e5 41 57 41 56 53
0x000000010be5192f:   50 41 89 d7 89 f3 49 89 fe 85 db 79 26 48 8d 3d
0x000000010be5193f:   69 bf 57 00 48 8d 15 7a c0 57 00 48 8d 0d b2 c0
0x000000010be5194f:   57 00 be 97 02 00 00 31 c0 e8 f2 6e 00 00 e8 6c
0x000000010be5195f:   e8 3c 00 45 84 ff 75 18 49 8b 46 10 48 85 c0 74
0x000000010be5196f:   0f 48 63 cb 48 c1 e1 05 48 8b 44 08 28 0f b7 d8
0x000000010be5197f:   48 63 c3 41 0f b7 44 c6 40 48 83 c4 08 5b 41 5e 


Stack slot to memory mapping:
stack at sp + 0 slots: 0x0000700002027fa0 is pointing into the stack for thread: 0x00007fd50110a800
stack at sp + 1 slots: 0x000000010be518b6: _ZN12ConstantPool21impl_signature_ref_atEib+0xe in /Library/Java/JavaVirtualMachines/jdk-13.0.2.jdk/Contents/Home/lib/server/libjvm.dylib at 0x000000010bc00000
stack at sp + 2 slots: 0x00000001171ad480 is pointing into metadata
stack at sp + 3 slots: 0x00007000020285f0 is pointing into the stack for thread: 0x00007fd50110a800
stack at sp + 4 slots: 0x0000700002028430 is pointing into the stack for thread: 0x00007fd50110a800
stack at sp + 5 slots: 0x000000010bf4671a: _ZN14GenerateOopMap9do_methodEiiii+0x40 in /Library/Java/JavaVirtualMachines/jdk-13.0.2.jdk/Contents/Home/lib/server/libjvm.dylib at 0x000000010bc00000
stack at sp + 6 slots: 0x000000010c5271a8: _ZTV16ComputeCallStack+0x10 in /Library/Java/JavaVirtualMachines/jdk-13.0.2.jdk/Contents/Home/lib/server/libjvm.dylib at 0x000000010bc00000
stack at sp + 7 slots: 0x00000008003db488 is pointing into metadata


---------------  P R O C E S S  ---------------

Threads class SMR info:
_java_thread_list=0x00007fd500548d50, length=12, elements={
0x00007fd501004800, 0x00007fd50105f000, 0x00007fd501062000, 0x00007fd501061000,
0x00007fd501063800, 0x00007fd501064000, 0x00007fd501076000, 0x00007fd502063800,
0x00007fd50110a800, 0x00007fd501109800, 0x00007fd500800800, 0x00007fd50110b800
}

Java Threads: ( => current thread )
  0x00007fd501004800 JavaThread "main" [_thread_blocked, id=6403, stack(0x0000700000ff9000,0x00007000010f9000)]
  0x00007fd50105f000 JavaThread "Reference Handler" daemon [_thread_blocked, id=13827, stack(0x000070000170e000,0x000070000180e000)]
  0x00007fd501062000 JavaThread "Finalizer" daemon [_thread_blocked, id=14339, stack(0x0000700001811000,0x0000700001911000)]
  0x00007fd501061000 JavaThread "Signal Dispatcher" daemon [_thread_blocked, id=21763, stack(0x0000700001a1a000,0x0000700001b1a000)]
  0x00007fd501063800 JavaThread "C2 CompilerThread0" daemon [_thread_blocked, id=22275, stack(0x0000700001b1d000,0x0000700001c1d000)]
  0x00007fd501064000 JavaThread "C1 CompilerThread0" daemon [_thread_blocked, id=22787, stack(0x0000700001c20000,0x0000700001d20000)]
  0x00007fd501076000 JavaThread "Sweeper thread" daemon [_thread_blocked, id=23299, stack(0x0000700001d23000,0x0000700001e23000)]
  0x00007fd502063800 JavaThread "Common-Cleaner" daemon [_thread_blocked, id=24067, stack(0x0000700001e26000,0x0000700001f26000)]
=>0x00007fd50110a800 JavaThread "JDWP Transport Listener: dt_socket" daemon [_thread_in_vm, id=42499, stack(0x0000700001f29000,0x0000700002029000)]
  0x00007fd501109800 JavaThread "JDWP Event Helper Thread" daemon [_thread_blocked, id=24835, stack(0x000070000202c000,0x000070000212c000)]
  0x00007fd500800800 JavaThread "JDWP Command Reader" daemon [_thread_in_native, id=25347, stack(0x000070000212f000,0x000070000222f000)]
  0x00007fd50110b800 JavaThread "Service Thread" daemon [_thread_blocked, id=41475, stack(0x0000700002232000,0x0000700002332000)]

Other Threads:
  0x00007fd503012000 VMThread "VM Thread" [stack: 0x000070000160b000,0x000070000170b000] [id=18179]
  0x00007fd502064800 WatcherThread [stack: 0x0000700002335000,0x0000700002435000] [id=40963]
  0x00007fd50102c800 GCTaskThread "GC Thread#0" [stack: 0x00007000010fc000,0x00007000011fc000] [id=20739]
  0x00007fd50103d800 ConcurrentGCThread "G1 Main Marker" [stack: 0x00007000011ff000,0x00007000012ff000] [id=20227]
  0x00007fd50103e800 ConcurrentGCThread "G1 Conc#0" [stack: 0x0000700001302000,0x0000700001402000] [id=12035]
  0x00007fd502050800 ConcurrentGCThread "G1 Refine#0" [stack: 0x0000700001405000,0x0000700001505000] [id=19715]
  0x00007fd502051000 ConcurrentGCThread "G1 Young RemSet Sampling" [stack: 0x0000700001508000,0x0000700001608000] [id=19459]

Threads with active compile tasks:

VM state:not at safepoint (normal execution)

VM Mutex/Monitor currently owned by a thread: None

Heap address: 0x0000000780000000, size: 2048 MB, Compressed Oops mode: Zero based, Oop shift amount: 3
Narrow klass base: 0x0000000800000000, Narrow klass shift: 3
Compressed class space size: 1073741824 Address: 0x0000000800ae0000

Heap:
 garbage-first heap   total 133120K, used 4856K [0x0000000780000000, 0x0000000800000000)
  region size 1024K, 5 young (5120K), 0 survivors (0K)
 Metaspace       used 2830K, capacity 4910K, committed 5120K, reserved 1056768K
  class space    used 267K, capacity 443K, committed 512K, reserved 1048576K
Heap Regions: E=young(eden), S=young(survivor), O=old, HS=humongous(starts), HC=humongous(continues), CS=collection set, F=free, A=archive, TAMS=top-at-mark-start (previous, next)
|   0|0x0000000780000000, 0x0000000780000000, 0x0000000780100000|  0%| F|  |TAMS 0x0000000780000000, 0x0000000780000000| Untracked 
|   1|0x0000000780100000, 0x0000000780100000, 0x0000000780200000|  0%| F|  |TAMS 0x0000000780100000, 0x0000000780100000| Untracked 
|   2|0x0000000780200000, 0x0000000780200000, 0x0000000780300000|  0%| F|  |TAMS 0x0000000780200000, 0x0000000780200000| Untracked 
|   3|0x0000000780300000, 0x0000000780300000, 0x0000000780400000|  0%| F|  |TAMS 0x0000000780300000, 0x0000000780300000| Untracked 
|   4|0x0000000780400000, 0x0000000780400000, 0x0000000780500000|  0%| F|  |TAMS 0x0000000780400000, 0x0000000780400000| Untracked 
|   5|0x0000000780500000, 0x0000000780500000, 0x0000000780600000|  0%| F|  |TAMS 0x0000000780500000, 0x0000000780500000| Untracked 
|   6|0x0000000780600000, 0x0000000780600000, 0x0000000780700000|  0%| F|  |TAMS 0x0000000780600000, 0x0000000780600000| Untracked 
|   7|0x0000000780700000, 0x0000000780700000, 0x0000000780800000|  0%| F|  |TAMS 0x0000000780700000, 0x0000000780700000| Untracked 
|   8|0x0000000780800000, 0x0000000780800000, 0x0000000780900000|  0%| F|  |TAMS 0x0000000780800000, 0x0000000780800000| Untracked 
|   9|0x0000000780900000, 0x0000000780900000, 0x0000000780a00000|  0%| F|  |TAMS 0x0000000780900000, 0x0000000780900000| Untracked 
|  10|0x0000000780a00000, 0x0000000780a00000, 0x0000000780b00000|  0%| F|  |TAMS 0x0000000780a00000, 0x0000000780a00000| Untracked 
|  11|0x0000000780b00000, 0x0000000780b00000, 0x0000000780c00000|  0%| F|  |TAMS 0x0000000780b00000, 0x0000000780b00000| Untracked 
|  12|0x0000000780c00000, 0x0000000780c00000, 0x0000000780d00000|  0%| F|  |TAMS 0x0000000780c00000, 0x0000000780c00000| Untracked 
|  13|0x0000000780d00000, 0x0000000780d00000, 0x0000000780e00000|  0%| F|  |TAMS 0x0000000780d00000, 0x0000000780d00000| Untracked 
|  14|0x0000000780e00000, 0x0000000780e00000, 0x0000000780f00000|  0%| F|  |TAMS 0x0000000780e00000, 0x0000000780e00000| Untracked 
|  15|0x0000000780f00000, 0x0000000780f00000, 0x0000000781000000|  0%| F|  |TAMS 0x0000000780f00000, 0x0000000780f00000| Untracked 
|  16|0x0000000781000000, 0x0000000781000000, 0x0000000781100000|  0%| F|  |TAMS 0x0000000781000000, 0x0000000781000000| Untracked 
|  17|0x0000000781100000, 0x0000000781100000, 0x0000000781200000|  0%| F|  |TAMS 0x0000000781100000, 0x0000000781100000| Untracked 
|  18|0x0000000781200000, 0x0000000781200000, 0x0000000781300000|  0%| F|  |TAMS 0x0000000781200000, 0x0000000781200000| Untracked 
|  19|0x0000000781300000, 0x0000000781300000, 0x0000000781400000|  0%| F|  |TAMS 0x0000000781300000, 0x0000000781300000| Untracked 
|  20|0x0000000781400000, 0x0000000781400000, 0x0000000781500000|  0%| F|  |TAMS 0x0000000781400000, 0x0000000781400000| Untracked 
|  21|0x0000000781500000, 0x0000000781500000, 0x0000000781600000|  0%| F|  |TAMS 0x0000000781500000, 0x0000000781500000| Untracked 
|  22|0x0000000781600000, 0x0000000781600000, 0x0000000781700000|  0%| F|  |TAMS 0x0000000781600000, 0x0000000781600000| Untracked 
|  23|0x0000000781700000, 0x0000000781700000, 0x0000000781800000|  0%| F|  |TAMS 0x0000000781700000, 0x0000000781700000| Untracked 
|  24|0x0000000781800000, 0x0000000781800000, 0x0000000781900000|  0%| F|  |TAMS 0x0000000781800000, 0x0000000781800000| Untracked 
|  25|0x0000000781900000, 0x0000000781900000, 0x0000000781a00000|  0%| F|  |TAMS 0x0000000781900000, 0x0000000781900000| Untracked 
|  26|0x0000000781a00000, 0x0000000781a00000, 0x0000000781b00000|  0%| F|  |TAMS 0x0000000781a00000, 0x0000000781a00000| Untracked 
|  27|0x0000000781b00000, 0x0000000781b00000, 0x0000000781c00000|  0%| F|  |TAMS 0x0000000781b00000, 0x0000000781b00000| Untracked 
|  28|0x0000000781c00000, 0x0000000781c00000, 0x0000000781d00000|  0%| F|  |TAMS 0x0000000781c00000, 0x0000000781c00000| Untracked 
|  29|0x0000000781d00000, 0x0000000781d00000, 0x0000000781e00000|  0%| F|  |TAMS 0x0000000781d00000, 0x0000000781d00000| Untracked 
|  30|0x0000000781e00000, 0x0000000781e00000, 0x0000000781f00000|  0%| F|  |TAMS 0x0000000781e00000, 0x0000000781e00000| Untracked 
|  31|0x0000000781f00000, 0x0000000781f00000, 0x0000000782000000|  0%| F|  |TAMS 0x0000000781f00000, 0x0000000781f00000| Untracked 
|  32|0x0000000782000000, 0x0000000782000000, 0x0000000782100000|  0%| F|  |TAMS 0x0000000782000000, 0x0000000782000000| Untracked 
|  33|0x0000000782100000, 0x0000000782100000, 0x0000000782200000|  0%| F|  |TAMS 0x0000000782100000, 0x0000000782100000| Untracked 
|  34|0x0000000782200000, 0x0000000782200000, 0x0000000782300000|  0%| F|  |TAMS 0x0000000782200000, 0x0000000782200000| Untracked 
|  35|0x0000000782300000, 0x0000000782300000, 0x0000000782400000|  0%| F|  |TAMS 0x0000000782300000, 0x0000000782300000| Untracked 
|  36|0x0000000782400000, 0x0000000782400000, 0x0000000782500000|  0%| F|  |TAMS 0x0000000782400000, 0x0000000782400000| Untracked 
|  37|0x0000000782500000, 0x0000000782500000, 0x0000000782600000|  0%| F|  |TAMS 0x0000000782500000, 0x0000000782500000| Untracked 
|  38|0x0000000782600000, 0x0000000782600000, 0x0000000782700000|  0%| F|  |TAMS 0x0000000782600000, 0x0000000782600000| Untracked 
|  39|0x0000000782700000, 0x0000000782700000, 0x0000000782800000|  0%| F|  |TAMS 0x0000000782700000, 0x0000000782700000| Untracked 
|  40|0x0000000782800000, 0x0000000782800000, 0x0000000782900000|  0%| F|  |TAMS 0x0000000782800000, 0x0000000782800000| Untracked 
|  41|0x0000000782900000, 0x0000000782900000, 0x0000000782a00000|  0%| F|  |TAMS 0x0000000782900000, 0x0000000782900000| Untracked 
|  42|0x0000000782a00000, 0x0000000782a00000, 0x0000000782b00000|  0%| F|  |TAMS 0x0000000782a00000, 0x0000000782a00000| Untracked 
|  43|0x0000000782b00000, 0x0000000782b00000, 0x0000000782c00000|  0%| F|  |TAMS 0x0000000782b00000, 0x0000000782b00000| Untracked 
|  44|0x0000000782c00000, 0x0000000782c00000, 0x0000000782d00000|  0%| F|  |TAMS 0x0000000782c00000, 0x0000000782c00000| Untracked 
|  45|0x0000000782d00000, 0x0000000782d00000, 0x0000000782e00000|  0%| F|  |TAMS 0x0000000782d00000, 0x0000000782d00000| Untracked 
|  46|0x0000000782e00000, 0x0000000782e00000, 0x0000000782f00000|  0%| F|  |TAMS 0x0000000782e00000, 0x0000000782e00000| Untracked 
|  47|0x0000000782f00000, 0x0000000782f00000, 0x0000000783000000|  0%| F|  |TAMS 0x0000000782f00000, 0x0000000782f00000| Untracked 
|  48|0x0000000783000000, 0x0000000783000000, 0x0000000783100000|  0%| F|  |TAMS 0x0000000783000000, 0x0000000783000000| Untracked 
|  49|0x0000000783100000, 0x0000000783100000, 0x0000000783200000|  0%| F|  |TAMS 0x0000000783100000, 0x0000000783100000| Untracked 
|  50|0x0000000783200000, 0x0000000783200000, 0x0000000783300000|  0%| F|  |TAMS 0x0000000783200000, 0x0000000783200000| Untracked 
|  51|0x0000000783300000, 0x0000000783300000, 0x0000000783400000|  0%| F|  |TAMS 0x0000000783300000, 0x0000000783300000| Untracked 
|  52|0x0000000783400000, 0x0000000783400000, 0x0000000783500000|  0%| F|  |TAMS 0x0000000783400000, 0x0000000783400000| Untracked 
|  53|0x0000000783500000, 0x0000000783500000, 0x0000000783600000|  0%| F|  |TAMS 0x0000000783500000, 0x0000000783500000| Untracked 
|  54|0x0000000783600000, 0x0000000783600000, 0x0000000783700000|  0%| F|  |TAMS 0x0000000783600000, 0x0000000783600000| Untracked 
|  55|0x0000000783700000, 0x0000000783700000, 0x0000000783800000|  0%| F|  |TAMS 0x0000000783700000, 0x0000000783700000| Untracked 
|  56|0x0000000783800000, 0x0000000783800000, 0x0000000783900000|  0%| F|  |TAMS 0x0000000783800000, 0x0000000783800000| Untracked 
|  57|0x0000000783900000, 0x0000000783900000, 0x0000000783a00000|  0%| F|  |TAMS 0x0000000783900000, 0x0000000783900000| Untracked 
|  58|0x0000000783a00000, 0x0000000783a00000, 0x0000000783b00000|  0%| F|  |TAMS 0x0000000783a00000, 0x0000000783a00000| Untracked 
|  59|0x0000000783b00000, 0x0000000783b00000, 0x0000000783c00000|  0%| F|  |TAMS 0x0000000783b00000, 0x0000000783b00000| Untracked 
|  60|0x0000000783c00000, 0x0000000783c00000, 0x0000000783d00000|  0%| F|  |TAMS 0x0000000783c00000, 0x0000000783c00000| Untracked 
|  61|0x0000000783d00000, 0x0000000783d00000, 0x0000000783e00000|  0%| F|  |TAMS 0x0000000783d00000, 0x0000000783d00000| Untracked 
|  62|0x0000000783e00000, 0x0000000783e00000, 0x0000000783f00000|  0%| F|  |TAMS 0x0000000783e00000, 0x0000000783e00000| Untracked 
|  63|0x0000000783f00000, 0x0000000783f00000, 0x0000000784000000|  0%| F|  |TAMS 0x0000000783f00000, 0x0000000783f00000| Untracked 
|  64|0x0000000784000000, 0x0000000784000000, 0x0000000784100000|  0%| F|  |TAMS 0x0000000784000000, 0x0000000784000000| Untracked 
|  65|0x0000000784100000, 0x0000000784100000, 0x0000000784200000|  0%| F|  |TAMS 0x0000000784100000, 0x0000000784100000| Untracked 
|  66|0x0000000784200000, 0x0000000784200000, 0x0000000784300000|  0%| F|  |TAMS 0x0000000784200000, 0x0000000784200000| Untracked 
|  67|0x0000000784300000, 0x0000000784300000, 0x0000000784400000|  0%| F|  |TAMS 0x0000000784300000, 0x0000000784300000| Untracked 
|  68|0x0000000784400000, 0x0000000784400000, 0x0000000784500000|  0%| F|  |TAMS 0x0000000784400000, 0x0000000784400000| Untracked 
|  69|0x0000000784500000, 0x0000000784500000, 0x0000000784600000|  0%| F|  |TAMS 0x0000000784500000, 0x0000000784500000| Untracked 
|  70|0x0000000784600000, 0x0000000784600000, 0x0000000784700000|  0%| F|  |TAMS 0x0000000784600000, 0x0000000784600000| Untracked 
|  71|0x0000000784700000, 0x0000000784700000, 0x0000000784800000|  0%| F|  |TAMS 0x0000000784700000, 0x0000000784700000| Untracked 
|  72|0x0000000784800000, 0x0000000784800000, 0x0000000784900000|  0%| F|  |TAMS 0x0000000784800000, 0x0000000784800000| Untracked 
|  73|0x0000000784900000, 0x0000000784900000, 0x0000000784a00000|  0%| F|  |TAMS 0x0000000784900000, 0x0000000784900000| Untracked 
|  74|0x0000000784a00000, 0x0000000784a00000, 0x0000000784b00000|  0%| F|  |TAMS 0x0000000784a00000, 0x0000000784a00000| Untracked 
|  75|0x0000000784b00000, 0x0000000784b00000, 0x0000000784c00000|  0%| F|  |TAMS 0x0000000784b00000, 0x0000000784b00000| Untracked 
|  76|0x0000000784c00000, 0x0000000784c00000, 0x0000000784d00000|  0%| F|  |TAMS 0x0000000784c00000, 0x0000000784c00000| Untracked 
|  77|0x0000000784d00000, 0x0000000784d00000, 0x0000000784e00000|  0%| F|  |TAMS 0x0000000784d00000, 0x0000000784d00000| Untracked 
|  78|0x0000000784e00000, 0x0000000784e00000, 0x0000000784f00000|  0%| F|  |TAMS 0x0000000784e00000, 0x0000000784e00000| Untracked 
|  79|0x0000000784f00000, 0x0000000784f00000, 0x0000000785000000|  0%| F|  |TAMS 0x0000000784f00000, 0x0000000784f00000| Untracked 
|  80|0x0000000785000000, 0x0000000785000000, 0x0000000785100000|  0%| F|  |TAMS 0x0000000785000000, 0x0000000785000000| Untracked 
|  81|0x0000000785100000, 0x0000000785100000, 0x0000000785200000|  0%| F|  |TAMS 0x0000000785100000, 0x0000000785100000| Untracked 
|  82|0x0000000785200000, 0x0000000785200000, 0x0000000785300000|  0%| F|  |TAMS 0x0000000785200000, 0x0000000785200000| Untracked 
|  83|0x0000000785300000, 0x0000000785300000, 0x0000000785400000|  0%| F|  |TAMS 0x0000000785300000, 0x0000000785300000| Untracked 
|  84|0x0000000785400000, 0x0000000785400000, 0x0000000785500000|  0%| F|  |TAMS 0x0000000785400000, 0x0000000785400000| Untracked 
|  85|0x0000000785500000, 0x0000000785500000, 0x0000000785600000|  0%| F|  |TAMS 0x0000000785500000, 0x0000000785500000| Untracked 
|  86|0x0000000785600000, 0x0000000785600000, 0x0000000785700000|  0%| F|  |TAMS 0x0000000785600000, 0x0000000785600000| Untracked 
|  87|0x0000000785700000, 0x0000000785700000, 0x0000000785800000|  0%| F|  |TAMS 0x0000000785700000, 0x0000000785700000| Untracked 
|  88|0x0000000785800000, 0x0000000785800000, 0x0000000785900000|  0%| F|  |TAMS 0x0000000785800000, 0x0000000785800000| Untracked 
|  89|0x0000000785900000, 0x0000000785900000, 0x0000000785a00000|  0%| F|  |TAMS 0x0000000785900000, 0x0000000785900000| Untracked 
|  90|0x0000000785a00000, 0x0000000785a00000, 0x0000000785b00000|  0%| F|  |TAMS 0x0000000785a00000, 0x0000000785a00000| Untracked 
|  91|0x0000000785b00000, 0x0000000785b00000, 0x0000000785c00000|  0%| F|  |TAMS 0x0000000785b00000, 0x0000000785b00000| Untracked 
|  92|0x0000000785c00000, 0x0000000785c00000, 0x0000000785d00000|  0%| F|  |TAMS 0x0000000785c00000, 0x0000000785c00000| Untracked 
|  93|0x0000000785d00000, 0x0000000785d00000, 0x0000000785e00000|  0%| F|  |TAMS 0x0000000785d00000, 0x0000000785d00000| Untracked 
|  94|0x0000000785e00000, 0x0000000785e00000, 0x0000000785f00000|  0%| F|  |TAMS 0x0000000785e00000, 0x0000000785e00000| Untracked 
|  95|0x0000000785f00000, 0x0000000785f00000, 0x0000000786000000|  0%| F|  |TAMS 0x0000000785f00000, 0x0000000785f00000| Untracked 
|  96|0x0000000786000000, 0x0000000786000000, 0x0000000786100000|  0%| F|  |TAMS 0x0000000786000000, 0x0000000786000000| Untracked 
|  97|0x0000000786100000, 0x0000000786100000, 0x0000000786200000|  0%| F|  |TAMS 0x0000000786100000, 0x0000000786100000| Untracked 
|  98|0x0000000786200000, 0x0000000786200000, 0x0000000786300000|  0%| F|  |TAMS 0x0000000786200000, 0x0000000786200000| Untracked 
|  99|0x0000000786300000, 0x0000000786300000, 0x0000000786400000|  0%| F|  |TAMS 0x0000000786300000, 0x0000000786300000| Untracked 
| 100|0x0000000786400000, 0x0000000786400000, 0x0000000786500000|  0%| F|  |TAMS 0x0000000786400000, 0x0000000786400000| Untracked 
| 101|0x0000000786500000, 0x0000000786500000, 0x0000000786600000|  0%| F|  |TAMS 0x0000000786500000, 0x0000000786500000| Untracked 
| 102|0x0000000786600000, 0x0000000786600000, 0x0000000786700000|  0%| F|  |TAMS 0x0000000786600000, 0x0000000786600000| Untracked 
| 103|0x0000000786700000, 0x0000000786700000, 0x0000000786800000|  0%| F|  |TAMS 0x0000000786700000, 0x0000000786700000| Untracked 
| 104|0x0000000786800000, 0x0000000786800000, 0x0000000786900000|  0%| F|  |TAMS 0x0000000786800000, 0x0000000786800000| Untracked 
| 105|0x0000000786900000, 0x0000000786900000, 0x0000000786a00000|  0%| F|  |TAMS 0x0000000786900000, 0x0000000786900000| Untracked 
| 106|0x0000000786a00000, 0x0000000786a00000, 0x0000000786b00000|  0%| F|  |TAMS 0x0000000786a00000, 0x0000000786a00000| Untracked 
| 107|0x0000000786b00000, 0x0000000786b00000, 0x0000000786c00000|  0%| F|  |TAMS 0x0000000786b00000, 0x0000000786b00000| Untracked 
| 108|0x0000000786c00000, 0x0000000786c00000, 0x0000000786d00000|  0%| F|  |TAMS 0x0000000786c00000, 0x0000000786c00000| Untracked 
| 109|0x0000000786d00000, 0x0000000786d00000, 0x0000000786e00000|  0%| F|  |TAMS 0x0000000786d00000, 0x0000000786d00000| Untracked 
| 110|0x0000000786e00000, 0x0000000786e00000, 0x0000000786f00000|  0%| F|  |TAMS 0x0000000786e00000, 0x0000000786e00000| Untracked 
| 111|0x0000000786f00000, 0x0000000786f00000, 0x0000000787000000|  0%| F|  |TAMS 0x0000000786f00000, 0x0000000786f00000| Untracked 
| 112|0x0000000787000000, 0x0000000787000000, 0x0000000787100000|  0%| F|  |TAMS 0x0000000787000000, 0x0000000787000000| Untracked 
| 113|0x0000000787100000, 0x0000000787100000, 0x0000000787200000|  0%| F|  |TAMS 0x0000000787100000, 0x0000000787100000| Untracked 
| 114|0x0000000787200000, 0x0000000787200000, 0x0000000787300000|  0%| F|  |TAMS 0x0000000787200000, 0x0000000787200000| Untracked 
| 115|0x0000000787300000, 0x0000000787300000, 0x0000000787400000|  0%| F|  |TAMS 0x0000000787300000, 0x0000000787300000| Untracked 
| 116|0x0000000787400000, 0x0000000787400000, 0x0000000787500000|  0%| F|  |TAMS 0x0000000787400000, 0x0000000787400000| Untracked 
| 117|0x0000000787500000, 0x0000000787500000, 0x0000000787600000|  0%| F|  |TAMS 0x0000000787500000, 0x0000000787500000| Untracked 
| 118|0x0000000787600000, 0x0000000787600000, 0x0000000787700000|  0%| F|  |TAMS 0x0000000787600000, 0x0000000787600000| Untracked 
| 119|0x0000000787700000, 0x0000000787700000, 0x0000000787800000|  0%| F|  |TAMS 0x0000000787700000, 0x0000000787700000| Untracked 
| 120|0x0000000787800000, 0x0000000787800000, 0x0000000787900000|  0%| F|  |TAMS 0x0000000787800000, 0x0000000787800000| Untracked 
| 121|0x0000000787900000, 0x0000000787900000, 0x0000000787a00000|  0%| F|  |TAMS 0x0000000787900000, 0x0000000787900000| Untracked 
| 122|0x0000000787a00000, 0x0000000787a00000, 0x0000000787b00000|  0%| F|  |TAMS 0x0000000787a00000, 0x0000000787a00000| Untracked 
| 123|0x0000000787b00000, 0x0000000787b8aac0, 0x0000000787c00000| 54%| E|  |TAMS 0x0000000787b00000, 0x0000000787b00000| Complete 
| 124|0x0000000787c00000, 0x0000000787d00000, 0x0000000787d00000|100%| E|CS|TAMS 0x0000000787c00000, 0x0000000787c00000| Complete 
| 125|0x0000000787d00000, 0x0000000787e00000, 0x0000000787e00000|100%| E|CS|TAMS 0x0000000787d00000, 0x0000000787d00000| Complete 
| 126|0x0000000787e00000, 0x0000000787f00000, 0x0000000787f00000|100%| E|CS|TAMS 0x0000000787e00000, 0x0000000787e00000| Complete 
| 127|0x0000000787f00000, 0x0000000788000000, 0x0000000788000000|100%| E|CS|TAMS 0x0000000787f00000, 0x0000000787f00000| Complete 
|1022|0x00000007bfe00000, 0x00000007bfe47000, 0x00000007bff00000| 27%|OA|  |TAMS 0x00000007bfe00000, 0x00000007bfe00000| Untracked 
|1023|0x00000007bff00000, 0x00000007bff77000, 0x00000007c0000000| 46%|CA|  |TAMS 0x00000007bff00000, 0x00000007bff00000| Untracked 

Card table byte_map: [0x0000000115cb2000,0x00000001160b2000] _byte_map_base: 0x00000001120b2000

Marking Bits (Prev, Next): (CMBitMap*) 0x00007fd50102d018, (CMBitMap*) 0x00007fd50102d058
 Prev Bits: [0x0000000126952000, 0x0000000128952000)
 Next Bits: [0x0000000128952000, 0x000000012a952000)

Polling page: 0x000000010ab35000

Metaspace:

Usage:
  Non-class:      4.36 MB capacity,     2.50 MB ( 57%) used,     1.86 MB ( 43%) free+waste,     2.81 KB ( <1%) overhead. 
      Class:    443.00 KB capacity,   267.20 KB ( 60%) used,   174.23 KB ( 39%) free+waste,     1.56 KB ( <1%) overhead. 
       Both:      4.79 MB capacity,     2.76 MB ( 58%) used,     2.03 MB ( 42%) free+waste,     4.38 KB ( <1%) overhead. 

Virtual space:
  Non-class space:        8.00 MB reserved,       4.50 MB ( 56%) committed 
      Class space:        1.00 GB reserved,     512.00 KB ( <1%) committed 
             Both:        1.01 GB reserved,       5.00 MB ( <1%) committed 

Chunk freelists:
   Non-Class:  49.00 KB
       Class:  5.00 KB
        Both:  54.00 KB

MaxMetaspaceSize: unlimited
CompressedClassSpaceSize: 1.00 GB

CodeHeap 'non-profiled nmethods': size=120028Kb used=118Kb max_used=118Kb free=119909Kb
 bounds [0x000000011f41b000, 0x000000011f68b000, 0x0000000126952000]
CodeHeap 'profiled nmethods': size=120028Kb used=606Kb max_used=606Kb free=119421Kb
 bounds [0x0000000117ee4000, 0x0000000118154000, 0x000000011f41b000]
CodeHeap 'non-nmethods': size=5704Kb used=1186Kb max_used=1202Kb free=4517Kb
 bounds [0x0000000117952000, 0x0000000117bc2000, 0x0000000117ee4000]
 total_blobs=876 nmethods=411 adapters=273
 compilation: enabled
              stopped_count=0, restarted_count=0
 full_count=0

Compilation events (20 events):
Event: 257.398 Thread 0x00007fd501064000  401       3       org.eclipse.jdt.launching.internal.org.objectweb.asm.MethodWriter::visitLabel (328 bytes)
Event: 257.399 Thread 0x00007fd501064000 nmethod 401 0x0000000117f75f10 code [0x0000000117f76180, 0x0000000117f770f8]
Event: 257.399 Thread 0x00007fd501064000  404       3       org.eclipse.jdt.launching.internal.org.objectweb.asm.MethodWriter::visitLineNumber (50 bytes)
Event: 257.399 Thread 0x00007fd501064000 nmethod 404 0x0000000117f77490 code [0x0000000117f77660, 0x0000000117f77b98]
Event: 257.399 Thread 0x00007fd501064000  398       1       java.lang.Integer::intValue (5 bytes)
Event: 257.399 Thread 0x00007fd501064000 nmethod 398 0x000000011f438690 code [0x000000011f438820, 0x000000011f438950]
Event: 284.755 Thread 0x00007fd501064000  405       3       org.eclipse.jdt.launching.internal.org.objectweb.asm.SymbolTable::addConstantMemberReference (147 bytes)
Event: 284.755 Thread 0x00007fd501064000 nmethod 405 0x0000000117f77d90 code [0x0000000117f78020, 0x0000000117f789c8]
Event: 284.755 Thread 0x00007fd501064000  406       3       org.eclipse.jdt.launching.internal.org.objectweb.asm.SymbolTable::hash (20 bytes)
Event: 284.756 Thread 0x00007fd501064000 nmethod 406 0x0000000117f78f90 code [0x0000000117f79160, 0x0000000117f79388]
Event: 284.756 Thread 0x00007fd501064000  407       3       org.eclipse.jdt.launching.internal.org.objectweb.asm.ClassReader::readShort (27 bytes)
Event: 284.756 Thread 0x00007fd501064000 nmethod 407 0x0000000117f79510 code [0x0000000117f796a0, 0x0000000117f79890]
Event: 284.756 Thread 0x00007fd501064000  408       3       org.eclipse.jdt.launching.internal.org.objectweb.asm.SymbolTable$Entry::<init> (17 bytes)
Event: 284.758 Thread 0x00007fd501064000 nmethod 408 0x0000000117f79990 code [0x0000000117f79b40, 0x0000000117f79d48]
Event: 284.758 Thread 0x00007fd501064000  410       3       org.eclipse.jdt.launching.internal.org.objectweb.asm.MethodWriter::visitMethodInsn (191 bytes)
Event: 284.759 Thread 0x00007fd501064000 nmethod 410 0x0000000117f79e10 code [0x0000000117f7a040, 0x0000000117f7a9c8]
Event: 284.759 Thread 0x00007fd501064000  411       3       org.eclipse.jdt.launching.internal.org.objectweb.asm.ByteVector::put11 (52 bytes)
Event: 284.759 Thread 0x00007fd501064000 nmethod 411 0x0000000117f7ad90 code [0x0000000117f7af40, 0x0000000117f7b1c8]
Event: 284.759 Thread 0x00007fd501064000  409       3       org.eclipse.jdt.launching.internal.org.objectweb.asm.MethodWriter::visitInsn (115 bytes)
Event: 284.759 Thread 0x00007fd501064000 nmethod 409 0x0000000117f7b310 code [0x0000000117f7b500, 0x0000000117f7ba28]

GC Heap History (0 events):
No events

Deoptimization events (14 events):
Event: 0.194 Thread 0x00007fd501004800 Uncommon trap: trap_request=0xffffff45 fr.pc=0x000000011f42842c relative=0x0000000000000aac
Event: 0.194 Thread 0x00007fd501004800 Uncommon trap: reason=unstable_if action=reinterpret pc=0x000000011f42842c method=java.util.HashMap.putVal(ILjava/lang/Object;Ljava/lang/Object;ZZ)Ljava/lang/Object; @ 181 c2
Event: 0.194 Thread 0x00007fd501004800 DEOPT PACKING pc=0x000000011f42842c sp=0x00007000010f79d0
Event: 0.194 Thread 0x00007fd501004800 DEOPT UNPACKING pc=0x000000011799ae25 sp=0x00007000010f7980 mode 2
Event: 0.280 Thread 0x00007fd501004800 DEOPT PACKING pc=0x0000000117f4ffd6 sp=0x00007000010f5830
Event: 0.280 Thread 0x00007fd501004800 DEOPT UNPACKING pc=0x000000011799b33a sp=0x00007000010f4d18 mode 0
Event: 0.280 Thread 0x00007fd501004800 DEOPT PACKING pc=0x0000000117f4ffd6 sp=0x00007000010f5830
Event: 0.280 Thread 0x00007fd501004800 DEOPT UNPACKING pc=0x000000011799b33a sp=0x00007000010f4d18 mode 0
Event: 0.287 Thread 0x00007fd501004800 DEOPT PACKING pc=0x0000000117f4ffd6 sp=0x00007000010f46c0
Event: 0.287 Thread 0x00007fd501004800 DEOPT UNPACKING pc=0x000000011799b33a sp=0x00007000010f3ba8 mode 0
Event: 0.289 Thread 0x00007fd501004800 DEOPT PACKING pc=0x0000000117f4ffd6 sp=0x00007000010f5510
Event: 0.289 Thread 0x00007fd501004800 DEOPT UNPACKING pc=0x000000011799b33a sp=0x00007000010f49f8 mode 0
Event: 0.289 Thread 0x00007fd501004800 DEOPT PACKING pc=0x0000000117f4ffd6 sp=0x00007000010f5510
Event: 0.289 Thread 0x00007fd501004800 DEOPT UNPACKING pc=0x000000011799b33a sp=0x00007000010f49f8 mode 0

Classes unloaded (0 events):
No events

Classes redefined (3 events):
Event: 257.394 Thread 0x00007fd503012000 redefined class name=OrderedCircularArray, count=1
Event: 257.394 Thread 0x00007fd503012000 redefined class name=TestCircularArray, count=1
Event: 284.756 Thread 0x00007fd503012000 redefined class name=TestCircularArray, count=2

Internal exceptions (1 events):
Event: 133.672 Thread 0x00007fd501004800 Exception <a 'java/lang/ArrayIndexOutOfBoundsException'{0x0000000787b85f20}: Index 5 out of bounds for length 5> (0x0000000787b85f20) 
thrown [/scratch/mesos/slaves/d65fa3d4-10de-46aa-a2db-52cc9981537a-S157/frameworks/1735e8a2-a1db-478c-8104-60c8b0af87dd-0196/executors/cd04c109-7866-4c89-a9cb-580d1b4b0057/runs/bdf96710-70fa-465f-a6db-19a171d6559f/workspace/open/src/hotspot/share/interpreter/interpreterRuntime.cpp, line 458]

Events (20 events):
Event: 284.762 Executing VM operation: ChangeBreakpoints
Event: 284.762 Executing VM operation: ChangeBreakpoints done
Event: 284.766 Executing VM operation: ChangeBreakpoints
Event: 284.766 Executing VM operation: ChangeBreakpoints done
Event: 284.767 Executing VM operation: ChangeBreakpoints
Event: 284.767 Executing VM operation: ChangeBreakpoints done
Event: 284.768 Executing VM operation: GetFrameCount
Event: 284.768 Executing VM operation: GetFrameCount done
Event: 284.768 Executing VM operation: GetStackTrace
Event: 284.768 Executing VM operation: GetStackTrace done
Event: 285.073 Executing VM operation: GetFrameCount
Event: 285.073 Executing VM operation: GetFrameCount done
Event: 285.073 Executing VM operation: GetOwnedMonitorInfo
Event: 285.073 Executing VM operation: GetOwnedMonitorInfo done
Event: 285.073 Executing VM operation: GetCurrentContendedMonitor
Event: 285.073 Executing VM operation: GetCurrentContendedMonitor done
Event: 291.514 Executing VM operation: ChangeBreakpoints
Event: 291.514 Executing VM operation: ChangeBreakpoints done
Event: 291.514 Executing VM operation: ChangeBreakpoints
Event: 291.514 Executing VM operation: ChangeBreakpoints done


Dynamic libraries:
0x00007fff6eeef000 	/usr/lib/libz.1.dylib
0x000000010aacb000 	/Library/Java/JavaVirtualMachines/jdk-13.0.2.jdk/Contents/Home/lib/libjli.dylib
0x00007fff3768d000 	/System/Library/Frameworks/Cocoa.framework/Versions/A/Cocoa
0x00007fff44c5b000 	/System/Library/Frameworks/Security.framework/Versions/A/Security
0x00007fff36617000 	/System/Library/Frameworks/ApplicationServices.framework/Versions/A/ApplicationServices
0x00007fff6c9be000 	/usr/lib/libSystem.B.dylib
0x00007fff6f965000 	/usr/lib/system/libcache.dylib
0x00007fff6f96b000 	/usr/lib/system/libcommonCrypto.dylib
0x00007fff6f977000 	/usr/lib/system/libcompiler_rt.dylib
0x00007fff6f97f000 	/usr/lib/system/libcopyfile.dylib
0x00007fff6f989000 	/usr/lib/system/libcorecrypto.dylib
0x00007fff6fb37000 	/usr/lib/system/libdispatch.dylib
0x00007fff6fb79000 	/usr/lib/system/libdyld.dylib
0x00007fff6fbaf000 	/usr/lib/system/libkeymgr.dylib
0x00007fff6fbbd000 	/usr/lib/system/liblaunch.dylib
0x00007fff6fbbe000 	/usr/lib/system/libmacho.dylib
0x00007fff6fbc4000 	/usr/lib/system/libquarantine.dylib
0x00007fff6fbc7000 	/usr/lib/system/libremovefile.dylib
0x00007fff6fbc9000 	/usr/lib/system/libsystem_asl.dylib
0x00007fff6fbe1000 	/usr/lib/system/libsystem_blocks.dylib
0x00007fff6fbe2000 	/usr/lib/system/libsystem_c.dylib
0x00007fff6fc6a000 	/usr/lib/system/libsystem_configuration.dylib
0x00007fff6fc6e000 	/usr/lib/system/libsystem_coreservices.dylib
0x00007fff6fc72000 	/usr/lib/system/libsystem_darwin.dylib
0x00007fff6fc7b000 	/usr/lib/system/libsystem_dnssd.dylib
0x00007fff6fc83000 	/usr/lib/system/libsystem_featureflags.dylib
0x00007fff6fc85000 	/usr/lib/system/libsystem_info.dylib
0x00007fff6fd00000 	/usr/lib/system/libsystem_m.dylib
0x00007fff6fd48000 	/usr/lib/system/libsystem_malloc.dylib
0x00007fff6fd70000 	/usr/lib/system/libsystem_networkextension.dylib
0x00007fff6fd7e000 	/usr/lib/system/libsystem_notify.dylib
0x00007fff6fd9d000 	/usr/lib/system/libsystem_sandbox.dylib
0x00007fff6fda2000 	/usr/lib/system/libsystem_secinit.dylib
0x00007fff6fcd3000 	/usr/lib/system/libsystem_kernel.dylib
0x00007fff6fd88000 	/usr/lib/system/libsystem_platform.dylib
0x00007fff6fd92000 	/usr/lib/system/libsystem_pthread.dylib
0x00007fff6fda5000 	/usr/lib/system/libsystem_symptoms.dylib
0x00007fff6fdad000 	/usr/lib/system/libsystem_trace.dylib
0x00007fff6fdc5000 	/usr/lib/system/libunwind.dylib
0x00007fff6fdcb000 	/usr/lib/system/libxpc.dylib
0x00007fff6e813000 	/usr/lib/libobjc.A.dylib
0x00007fff6ccf8000 	/usr/lib/libc++abi.dylib
0x00007fff6cca4000 	/usr/lib/libc++.1.dylib
0x00007fff38604000 	/System/Library/Frameworks/CoreFoundation.framework/Versions/A/CoreFoundation
0x00007fff3acc9000 	/System/Library/Frameworks/Foundation.framework/Versions/C/Foundation
0x00007fff3580c000 	/System/Library/Frameworks/AppKit.framework/Versions/C/AppKit
0x00007fff38110000 	/System/Library/Frameworks/CoreData.framework/Versions/A/CoreData
0x00007fff69266000 	/System/Library/PrivateFrameworks/UIFoundation.framework/Versions/A/UIFoundation
0x00007fff63a42000 	/System/Library/PrivateFrameworks/RemoteViewServices.framework/Versions/A/RemoteViewServices
0x00007fff6bcf9000 	/System/Library/PrivateFrameworks/XCTTargetBootstrap.framework/Versions/A/XCTTargetBootstrap
0x00007fff384f3000 	/System/Library/Frameworks/CoreDisplay.framework/Versions/A/CoreDisplay
0x00007fff3da41000 	/System/Library/Frameworks/Metal.framework/Versions/A/Metal
0x00007fff51e5e000 	/System/Library/PrivateFrameworks/DesktopServicesPriv.framework/Versions/A/DesktopServicesPriv
0x00007fff6daf4000 	/usr/lib/liblangid.dylib
0x00007fff50faa000 	/System/Library/PrivateFrameworks/CoreSVG.framework/Versions/A/CoreSVG
0x00007fff66809000 	/System/Library/PrivateFrameworks/SkyLight.framework/Versions/A/SkyLight
0x00007fff38a86000 	/System/Library/Frameworks/CoreGraphics.framework/Versions/A/CoreGraphics
0x00007fff343ab000 	/System/Library/Frameworks/Accelerate.framework/Versions/A/Accelerate
0x00007fff6ede0000 	/usr/lib/libxml2.2.dylib
0x00007fff5cb6c000 	/System/Library/PrivateFrameworks/IconServices.framework/Versions/A/IconServices
0x00007fff3b4ae000 	/System/Library/Frameworks/IOSurface.framework/Versions/A/IOSurface
0x00007fff6c4f6000 	/usr/lib/libDiagnosticMessagesClient.dylib
0x00007fff51cd7000 	/System/Library/PrivateFrameworks/DFRFoundation.framework/Versions/A/DFRFoundation
0x00007fff6d882000 	/usr/lib/libicucore.A.dylib
0x00007fff36949000 	/System/Library/Frameworks/AudioToolbox.framework/Versions/A/AudioToolbox
0x00007fff36a2b000 	/System/Library/Frameworks/AudioUnit.framework/Versions/A/AudioUnit
0x00007fff6cbbf000 	/usr/lib/libauto.dylib
0x00007fff51d58000 	/System/Library/PrivateFrameworks/DataDetectorsCore.framework/Versions/A/DataDetectorsCore
0x00007fff371ad000 	/System/Library/Frameworks/Carbon.framework/Versions/A/Frameworks/HIToolbox.framework/Versions/A/HIToolbox
0x00007fff43e8c000 	/System/Library/Frameworks/QuartzCore.framework/Versions/A/QuartzCore
0x00007fff374ec000 	/System/Library/Frameworks/Carbon.framework/Versions/A/Frameworks/SpeechRecognition.framework/Versions/A/SpeechRecognition
0x00007fff5165d000 	/System/Library/PrivateFrameworks/CoreUI.framework/Versions/A/CoreUI
0x00007fff37b76000 	/System/Library/Frameworks/CoreAudio.framework/Versions/A/CoreAudio
0x00007fff3a991000 	/System/Library/Frameworks/DiskArbitration.framework/Versions/A/DiskArbitration
0x00007fff5eb81000 	/System/Library/PrivateFrameworks/MultitouchSupport.framework/Versions/A/MultitouchSupport
0x00007fff6d748000 	/usr/lib/libenergytrace.dylib
0x00007fff3b409000 	/System/Library/Frameworks/IOKit.framework/Versions/A/IOKit
0x00007fff399f4000 	/System/Library/Frameworks/CoreServices.framework/Versions/A/CoreServices
0x00007fff60c8e000 	/System/Library/PrivateFrameworks/PerformanceAnalysis.framework/Versions/A/PerformanceAnalysis
0x00007fff42ec2000 	/System/Library/Frameworks/OpenGL.framework/Versions/A/OpenGL
0x00007fff3769b000 	/System/Library/Frameworks/ColorSync.framework/Versions/A/ColorSync
0x00007fff3910d000 	/System/Library/Frameworks/CoreImage.framework/Versions/A/CoreImage
0x00007fff3a46a000 	/System/Library/Frameworks/CoreText.framework/Versions/A/CoreText
0x00007fff3b534000 	/System/Library/Frameworks/ImageIO.framework/Versions/A/ImageIO
0x00007fff6cd20000 	/usr/lib/libcompression.dylib
0x00007fff6c838000 	/usr/lib/libMobileGestalt.dylib
0x00007fff68348000 	/System/Library/PrivateFrameworks/TextureIO.framework/Versions/A/TextureIO
0x00007fff6cb25000 	/usr/lib/libate.dylib
0x00007fff5cd75000 	/System/Library/PrivateFrameworks/InternationalSupport.framework/Versions/A/InternationalSupport
0x00007fff6daf6000 	/usr/lib/liblzma.5.dylib
0x00007fff6d770000 	/usr/lib/libfakelink.dylib
0x00007fff6cab2000 	/usr/lib/libarchive.2.dylib
0x00007fff45dfd000 	/System/Library/Frameworks/SystemConfiguration.framework/Versions/A/SystemConfiguration
0x00007fff6c427000 	/usr/lib/libCRFSuite.dylib
0x00007fff36da1000 	/System/Library/Frameworks/CFNetwork.framework/Versions/A/CFNetwork
0x00007fff6cc86000 	/usr/lib/libbsm.0.dylib
0x00007fff6fbb0000 	/usr/lib/system/libkxld.dylib
0x00007fff4b78e000 	/System/Library/PrivateFrameworks/AppleFSCompression.framework/Versions/A/AppleFSCompression
0x00007fff6d007000 	/usr/lib/libcoretls.dylib
0x00007fff6d01e000 	/usr/lib/libcoretls_cfhelpers.dylib
0x00007fff6e857000 	/usr/lib/libpam.2.dylib
0x00007fff6e98a000 	/usr/lib/libsqlite3.dylib
0x00007fff6edcd000 	/usr/lib/libxar.1.dylib
0x00007fff6cc97000 	/usr/lib/libbz2.1.0.dylib
0x00007fff6d791000 	/usr/lib/libiconv.2.dylib
0x00007fff6cd0d000 	/usr/lib/libcharset.1.dylib
0x00007fff6e2fe000 	/usr/lib/libnetwork.dylib
0x00007fff6e85e000 	/usr/lib/libpcap.A.dylib
0x00007fff6ca67000 	/usr/lib/libapple_nghttp2.dylib
0x00007fff39dab000 	/System/Library/Frameworks/CoreServices.framework/Versions/A/Frameworks/FSEvents.framework/Versions/A/FSEvents
0x00007fff39a7b000 	/System/Library/Frameworks/CoreServices.framework/Versions/A/Frameworks/CarbonCore.framework/Versions/A/CarbonCore
0x00007fff39fee000 	/System/Library/Frameworks/CoreServices.framework/Versions/A/Frameworks/Metadata.framework/Versions/A/Metadata
0x00007fff3a087000 	/System/Library/Frameworks/CoreServices.framework/Versions/A/Frameworks/OSServices.framework/Versions/A/OSServices
0x00007fff3a0b5000 	/System/Library/Frameworks/CoreServices.framework/Versions/A/Frameworks/SearchKit.framework/Versions/A/SearchKit
0x00007fff399f5000 	/System/Library/Frameworks/CoreServices.framework/Versions/A/Frameworks/AE.framework/Versions/A/AE
0x00007fff39db4000 	/System/Library/Frameworks/CoreServices.framework/Versions/A/Frameworks/LaunchServices.framework/Versions/A/LaunchServices
0x00007fff39d5d000 	/System/Library/Frameworks/CoreServices.framework/Versions/A/Frameworks/DictionaryServices.framework/Versions/A/DictionaryServices
0x00007fff3a11d000 	/System/Library/Frameworks/CoreServices.framework/Versions/A/Frameworks/SharedFileList.framework/Versions/A/SharedFileList
0x00007fff3ed16000 	/System/Library/Frameworks/NetFS.framework/Versions/A/NetFS
0x00007fff5f0b1000 	/System/Library/PrivateFrameworks/NetAuth.framework/Versions/A/NetAuth
0x00007fff6c0c4000 	/System/Library/PrivateFrameworks/login.framework/Versions/A/Frameworks/loginsupport.framework/Versions/A/loginsupport
0x00007fff67e43000 	/System/Library/PrivateFrameworks/TCC.framework/Versions/A/TCC
0x00007fff50379000 	/System/Library/PrivateFrameworks/CoreNLP.framework/Versions/A/CoreNLP
0x00007fff5e5b1000 	/System/Library/PrivateFrameworks/MetadataUtilities.framework/Versions/A/MetadataUtilities
0x00007fff6dbce000 	/usr/lib/libmecabra.dylib
0x00007fff6db26000 	/usr/lib/libmecab.dylib
0x00007fff6d781000 	/usr/lib/libgermantok.dylib
0x00007fff6ca4e000 	/usr/lib/libThaiTokenizer.dylib
0x00007fff6c45f000 	/usr/lib/libChineseTokenizer.dylib
0x00007fff343c3000 	/System/Library/Frameworks/Accelerate.framework/Versions/A/Frameworks/vImage.framework/Versions/A/vImage
0x00007fff35666000 	/System/Library/Frameworks/Accelerate.framework/Versions/A/Frameworks/vecLib.framework/Versions/A/vecLib
0x00007fff355aa000 	/System/Library/Frameworks/Accelerate.framework/Versions/A/Frameworks/vecLib.framework/Versions/A/libvMisc.dylib
0x00007fff353d0000 	/System/Library/Frameworks/Accelerate.framework/Versions/A/Frameworks/vecLib.framework/Versions/A/libvDSP.dylib
0x00007fff34a2f000 	/System/Library/Frameworks/Accelerate.framework/Versions/A/Frameworks/vecLib.framework/Versions/A/libBLAS.dylib
0x00007fff34f8a000 	/System/Library/Frameworks/Accelerate.framework/Versions/A/Frameworks/vecLib.framework/Versions/A/libLAPACK.dylib
0x00007fff35330000 	/System/Library/Frameworks/Accelerate.framework/Versions/A/Frameworks/vecLib.framework/Versions/A/libLinearAlgebra.dylib
0x00007fff353bd000 	/System/Library/Frameworks/Accelerate.framework/Versions/A/Frameworks/vecLib.framework/Versions/A/libSparseBLAS.dylib
0x00007fff35346000 	/System/Library/Frameworks/Accelerate.framework/Versions/A/Frameworks/vecLib.framework/Versions/A/libQuadrature.dylib
0x00007fff34c99000 	/System/Library/Frameworks/Accelerate.framework/Versions/A/Frameworks/vecLib.framework/Versions/A/libBNNS.dylib
0x00007fff3534c000 	/System/Library/Frameworks/Accelerate.framework/Versions/A/Frameworks/vecLib.framework/Versions/A/libSparse.dylib
0x00007fff5d134000 	/System/Library/PrivateFrameworks/LanguageModeling.framework/Versions/A/LanguageModeling
0x00007fff4fd15000 	/System/Library/PrivateFrameworks/CoreEmoji.framework/Versions/A/CoreEmoji
0x00007fff5d252000 	/System/Library/PrivateFrameworks/LinguisticData.framework/Versions/A/LinguisticData
0x00007fff5d203000 	/System/Library/PrivateFrameworks/Lexicon.framework/Versions/A/Lexicon
0x00007fff6cd0e000 	/usr/lib/libcmph.dylib
0x00007fff418e8000 	/System/Library/Frameworks/OpenDirectory.framework/Versions/A/Frameworks/CFOpenDirectory.framework/Versions/A/CFOpenDirectory
0x00007fff41905000 	/System/Library/Frameworks/OpenDirectory.framework/Versions/A/OpenDirectory
0x00007fff49bd2000 	/System/Library/PrivateFrameworks/APFS.framework/Versions/A/APFS
0x00007fff44fae000 	/System/Library/Frameworks/SecurityFoundation.framework/Versions/A/SecurityFoundation
0x00007fff6edc9000 	/usr/lib/libutil.dylib
0x00007fff51002000 	/System/Library/PrivateFrameworks/CoreServicesStore.framework/Versions/A/CoreServicesStore
0x00007fff45066000 	/System/Library/Frameworks/ServiceManagement.framework/Versions/A/ServiceManagement
0x00007fff4cf45000 	/System/Library/PrivateFrameworks/BackgroundTaskManagement.framework/Versions/A/BackgroundTaskManagement
0x00007fff6eec6000 	/usr/lib/libxslt.1.dylib
0x00007fff4bdf3000 	/System/Library/PrivateFrameworks/AppleSystemInfo.framework/Versions/A/AppleSystemInfo
0x00007fff3b751000 	/System/Library/Frameworks/ImageIO.framework/Versions/A/Resources/libJPEG.dylib
0x00007fff3ba10000 	/System/Library/Frameworks/ImageIO.framework/Versions/A/Resources/libTIFF.dylib
0x00007fff3b9f3000 	/System/Library/Frameworks/ImageIO.framework/Versions/A/Resources/libPng.dylib
0x00007fff3b692000 	/System/Library/Frameworks/ImageIO.framework/Versions/A/Resources/libGIF.dylib
0x00007fff3b696000 	/System/Library/Frameworks/ImageIO.framework/Versions/A/Resources/libJP2.dylib
0x00007fff3ba0e000 	/System/Library/Frameworks/ImageIO.framework/Versions/A/Resources/libRadiance.dylib
0x00007fff6d749000 	/usr/lib/libexpat.1.dylib
0x00007fff4b8e9000 	/System/Library/PrivateFrameworks/AppleJPEG.framework/Versions/A/AppleJPEG
0x00007fff54266000 	/System/Library/PrivateFrameworks/FontServices.framework/libFontParser.dylib
0x00007fff6b11b000 	/System/Library/PrivateFrameworks/WatchdogClient.framework/Versions/A/WatchdogClient
0x00007fff5c7c1000 	/System/Library/PrivateFrameworks/IOAccelerator.framework/Versions/A/IOAccelerator
0x00007fff3ddcf000 	/System/Library/Frameworks/MetalPerformanceShaders.framework/Versions/A/MetalPerformanceShaders
0x00007fff58fb4000 	/System/Library/PrivateFrameworks/GPUWrangler.framework/Versions/A/GPUWrangler
0x00007fff5c7cc000 	/System/Library/PrivateFrameworks/IOPresentment.framework/Versions/A/IOPresentment
0x00007fff51cea000 	/System/Library/PrivateFrameworks/DSExternalDisplay.framework/Versions/A/DSExternalDisplay
0x00007fff4226e000 	/System/Library/Frameworks/OpenGL.framework/Versions/A/Libraries/libCoreFSCache.dylib
0x00007fff3db21000 	/System/Library/Frameworks/MetalPerformanceShaders.framework/Frameworks/MPSCore.framework/Versions/A/MPSCore
0x00007fff3db5e000 	/System/Library/Frameworks/MetalPerformanceShaders.framework/Frameworks/MPSImage.framework/Versions/A/MPSImage
0x00007fff3dc20000 	/System/Library/Frameworks/MetalPerformanceShaders.framework/Frameworks/MPSNeuralNetwork.framework/Versions/A/MPSNeuralNetwork
0x00007fff3dbe5000 	/System/Library/Frameworks/MetalPerformanceShaders.framework/Frameworks/MPSMatrix.framework/Versions/A/MPSMatrix
0x00007fff3dd80000 	/System/Library/Frameworks/MetalPerformanceShaders.framework/Frameworks/MPSRayIntersector.framework/Versions/A/MPSRayIntersector
0x00007fff3dc0a000 	/System/Library/Frameworks/MetalPerformanceShaders.framework/Frameworks/MPSNDArray.framework/Versions/A/MPSNDArray
0x00007fff5e5fe000 	/System/Library/PrivateFrameworks/MetalTools.framework/Versions/A/MetalTools
0x00007fff4ad97000 	/System/Library/PrivateFrameworks/AggregateDictionary.framework/Versions/A/AggregateDictionary
0x00007fff4f79f000 	/System/Library/PrivateFrameworks/CoreAnalytics.framework/Versions/A/CoreAnalytics
0x00007fff4bd11000 	/System/Library/PrivateFrameworks/AppleSauce.framework/Versions/A/AppleSauce
0x00007fff6c71b000 	/usr/lib/libIOReport.dylib
0x00007fff3a61f000 	/System/Library/Frameworks/CoreVideo.framework/Versions/A/CoreVideo
0x00007fff5a422000 	/System/Library/PrivateFrameworks/GraphVisualizer.framework/Versions/A/GraphVisualizer
0x00007fff537e7000 	/System/Library/PrivateFrameworks/FaceCore.framework/Versions/A/FaceCore
0x00007fff4188f000 	/System/Library/Frameworks/OpenCL.framework/Versions/A/OpenCL
0x00007fff6c53d000 	/usr/lib/libFosl_dynamic.dylib
0x00007fff5faac000 	/System/Library/PrivateFrameworks/OTSVG.framework/Versions/A/OTSVG
0x00007fff3671c000 	/System/Library/Frameworks/ApplicationServices.framework/Versions/A/Frameworks/ATS.framework/Versions/A/Resources/libFontRegistry.dylib
0x00007fff54437000 	/System/Library/PrivateFrameworks/FontServices.framework/libhvf.dylib
0x00007fff42279000 	/System/Library/Frameworks/OpenGL.framework/Versions/A/Libraries/libGFXShared.dylib
0x00007fff42456000 	/System/Library/Frameworks/OpenGL.framework/Versions/A/Libraries/libGLU.dylib
0x00007fff42282000 	/System/Library/Frameworks/OpenGL.framework/Versions/A/Libraries/libGL.dylib
0x00007fff4228d000 	/System/Library/Frameworks/OpenGL.framework/Versions/A/Libraries/libGLImage.dylib
0x00007fff4226b000 	/System/Library/Frameworks/OpenGL.framework/Versions/A/Libraries/libCVMSPluginSupport.dylib
0x00007fff42274000 	/System/Library/Frameworks/OpenGL.framework/Versions/A/Libraries/libCoreVMClient.dylib
0x00007fff6e1a0000 	/usr/lib/libncurses.5.4.dylib
0x00007fff36618000 	/System/Library/Frameworks/ApplicationServices.framework/Versions/A/Frameworks/ATS.framework/Versions/A/ATS
0x00007fff367e5000 	/System/Library/Frameworks/ApplicationServices.framework/Versions/A/Frameworks/ColorSyncLegacy.framework/Versions/A/ColorSyncLegacy
0x00007fff36884000 	/System/Library/Frameworks/ApplicationServices.framework/Versions/A/Frameworks/HIServices.framework/Versions/A/HIServices
0x00007fff368db000 	/System/Library/Frameworks/ApplicationServices.framework/Versions/A/Frameworks/LangAnalysis.framework/Versions/A/LangAnalysis
0x00007fff368ea000 	/System/Library/Frameworks/ApplicationServices.framework/Versions/A/Frameworks/PrintCore.framework/Versions/A/PrintCore
0x00007fff36930000 	/System/Library/Frameworks/ApplicationServices.framework/Versions/A/Frameworks/QD.framework/Versions/A/QD
0x00007fff3693b000 	/System/Library/Frameworks/ApplicationServices.framework/Versions/A/Frameworks/SpeechSynthesis.framework/Versions/A/SpeechSynthesis
0x00007fff367b5000 	/System/Library/Frameworks/ApplicationServices.framework/Versions/A/Frameworks/ATSUI.framework/Versions/A/ATSUI
0x00007fff6d5dd000 	/usr/lib/libcups.2.dylib
0x00007fff3ce7e000 	/System/Library/Frameworks/Kerberos.framework/Versions/A/Kerberos
0x00007fff3b0fe000 	/System/Library/Frameworks/GSS.framework/Versions/A/GSS
0x00007fff6e916000 	/usr/lib/libresolv.9.dylib
0x00007fff5a5c3000 	/System/Library/PrivateFrameworks/Heimdal.framework/Versions/A/Heimdal
0x00007fff3ce91000 	/System/Library/Frameworks/Kerberos.framework/Versions/A/Libraries/libHeimdalProxy.dylib
0x00007fff6d787000 	/usr/lib/libheimdal-asn1.dylib
0x00007fff4ec45000 	/System/Library/PrivateFrameworks/CommonAuth.framework/Versions/A/CommonAuth
0x00007fff4be90000 	/System/Library/PrivateFrameworks/AssertionServices.framework/Versions/A/AssertionServices
0x00007fff4ca33000 	/System/Library/PrivateFrameworks/AudioToolboxCore.framework/Versions/A/AudioToolboxCore
0x00007fff6bd75000 	/System/Library/PrivateFrameworks/caulk.framework/Versions/A/caulk
0x00007fff4cff1000 	/System/Library/PrivateFrameworks/BaseBoard.framework/Versions/A/BaseBoard
0x00007fff63bd1000 	/System/Library/PrivateFrameworks/RunningBoardServices.framework/Versions/A/RunningBoardServices
0x00007fff60c9a000 	/System/Library/PrivateFrameworks/PersistentConnection.framework/Versions/A/PersistentConnection
0x00007fff63620000 	/System/Library/PrivateFrameworks/ProtocolBuffer.framework/Versions/A/ProtocolBuffer
0x00007fff4ec6a000 	/System/Library/PrivateFrameworks/CommonUtilities.framework/Versions/A/CommonUtilities
0x00007fff4d174000 	/System/Library/PrivateFrameworks/Bom.framework/Versions/A/Bom
0x00007fff6c3ea000 	/usr/lib/libAudioToolboxUtility.dylib
0x00007fff4cf4f000 	/System/Library/PrivateFrameworks/Backup.framework/Versions/A/Backup
0x00007fff51a5a000 	/System/Library/PrivateFrameworks/CrashReporterSupport.framework/Versions/A/CrashReporterSupport
0x00007fff656cd000 	/System/Library/PrivateFrameworks/Sharing.framework/Versions/A/Sharing
0x00007fff4b634000 	/System/Library/PrivateFrameworks/Apple80211.framework/Versions/A/Apple80211
0x00007fff4cc71000 	/System/Library/PrivateFrameworks/AuthKit.framework/Versions/A/AuthKit
0x00007fff5178a000 	/System/Library/PrivateFrameworks/CoreUtils.framework/Versions/A/CoreUtils
0x00007fff3a664000 	/System/Library/Frameworks/CoreWLAN.framework/Versions/A/CoreWLAN
0x00007fff3b28a000 	/System/Library/Frameworks/IOBluetooth.framework/Versions/A/IOBluetooth
0x00007fff5e8fc000 	/System/Library/PrivateFrameworks/MobileKeyBag.framework/Versions/A/MobileKeyBag
0x00007fff50855000 	/System/Library/PrivateFrameworks/CorePhoneNumbers.framework/Versions/A/CorePhoneNumbers
0x00007fff4b89c000 	/System/Library/PrivateFrameworks/AppleIDAuthSupport.framework/Versions/A/AppleIDAuthSupport
0x00007fff3ed23000 	/System/Library/Frameworks/Network.framework/Versions/A/Network
0x00007fff5cfbc000 	/System/Library/PrivateFrameworks/KeychainCircle.framework/Versions/A/KeychainCircle
0x00007fff380d8000 	/System/Library/Frameworks/CoreBluetooth.framework/Versions/A/CoreBluetooth
0x00007fff67349000 	/System/Library/PrivateFrameworks/SpeechRecognitionCore.framework/Versions/A/SpeechRecognitionCore
0x000000010bc00000 	/Library/Java/JavaVirtualMachines/jdk-13.0.2.jdk/Contents/Home/lib/server/libjvm.dylib
0x000000010aaed000 	/Library/Java/JavaVirtualMachines/jdk-13.0.2.jdk/Contents/Home/lib/libverify.dylib
0x000000010aaf9000 	/Library/Java/JavaVirtualMachines/jdk-13.0.2.jdk/Contents/Home/lib/libjava.dylib
0x000000010ab37000 	/Library/Java/JavaVirtualMachines/jdk-13.0.2.jdk/Contents/Home/lib/libjdwp.dylib
0x000000010ab6d000 	/Library/Java/JavaVirtualMachines/jdk-13.0.2.jdk/Contents/Home/lib/libinstrument.dylib
0x000000010abf0000 	/Library/Java/JavaVirtualMachines/jdk-13.0.2.jdk/Contents/Home/lib/libzip.dylib
0x000000010abf7000 	/Library/Java/JavaVirtualMachines/jdk-13.0.2.jdk/Contents/Home/lib/libjimage.dylib
0x00000001176ab000 	/Library/Java/JavaVirtualMachines/jdk-13.0.2.jdk/Contents/Home/lib/libdt_socket.dylib
0x0000000117779000 	/Library/Java/JavaVirtualMachines/jdk-13.0.2.jdk/Contents/Home/lib/libnio.dylib
0x0000000117787000 	/Library/Java/JavaVirtualMachines/jdk-13.0.2.jdk/Contents/Home/lib/libnet.dylib


VM Arguments:
jvm_args: -agentlib:jdwp=transport=dt_socket,suspend=y,address=localhost:62096 -javaagent:/Users/ryanxu/eclipse/java-2019-122/Eclipse.app/Contents/Eclipse/configuration/org.eclipse.osgi/219/0/.cp/lib/javaagent-shaded.jar -Dfile.encoding=UTF-8 
java_command: TestCircularArray
java_class_path (initial): /Users/ryanxu/Documents/Coding/CS 1027/Assignment 4/bin
Launcher Type: SUN_STANDARD

[Global flags]
     intx CICompilerCount                          = 4                                         {product} {ergonomic}
     uint ConcGCThreads                            = 2                                         {product} {ergonomic}
     uint G1ConcRefinementThreads                  = 8                                         {product} {ergonomic}
   size_t G1HeapRegionSize                         = 1048576                                   {product} {ergonomic}
    uintx GCDrainStackTargetSize                   = 64                                        {product} {ergonomic}
   size_t InitialHeapSize                          = 134217728                                 {product} {ergonomic}
   size_t MarkStackSize                            = 4194304                                   {product} {ergonomic}
   size_t MaxHeapSize                              = 2147483648                                {product} {ergonomic}
   size_t MaxNewSize                               = 1287651328                                {product} {ergonomic}
   size_t MinHeapDeltaBytes                        = 1048576                                   {product} {ergonomic}
   size_t MinHeapSize                              = 8388608                                   {product} {ergonomic}
    uintx NonNMethodCodeHeapSize                   = 5839372                                {pd product} {ergonomic}
    uintx NonProfiledCodeHeapSize                  = 122909434                              {pd product} {ergonomic}
    uintx ProfiledCodeHeapSize                     = 122909434                              {pd product} {ergonomic}
    uintx ReservedCodeCacheSize                    = 251658240                              {pd product} {ergonomic}
     bool SegmentedCodeCache                       = true                                      {product} {ergonomic}
   size_t SoftMaxHeapSize                          = 2147483648                             {manageable} {ergonomic}
     bool UseCompressedClassPointers               = true                                 {lp64_product} {ergonomic}
     bool UseCompressedOops                        = true                                 {lp64_product} {ergonomic}
     bool UseG1GC                                  = true                                      {product} {ergonomic}

Logging:
Log output configuration:
 #0: stdout all=warning uptime,level,tags
 #1: stderr all=off uptime,level,tags

Environment Variables:
PATH=/usr/bin:/bin:/usr/sbin:/sbin
SHELL=/bin/bash

Signal Handlers:
SIGSEGV: [libjvm.dylib+0x77ba40], sa_mask[0]=11111111011111110111111111111111, sa_flags=SA_ONSTACK|SA_RESTART|SA_SIGINFO
SIGBUS: [libjvm.dylib+0x77ba40], sa_mask[0]=11111111011111110111111111111111, sa_flags=SA_RESTART|SA_SIGINFO
SIGFPE: [libjvm.dylib+0x77ba40], sa_mask[0]=11111111011111110111111111111111, sa_flags=SA_RESTART|SA_SIGINFO
SIGPIPE: [libjvm.dylib+0x6221fd], sa_mask[0]=11111111011111110111111111111111, sa_flags=SA_RESTART|SA_SIGINFO
SIGXFSZ: [libjvm.dylib+0x6221fd], sa_mask[0]=11111111011111110111111111111111, sa_flags=SA_RESTART|SA_SIGINFO
SIGILL: [libjvm.dylib+0x77ba40], sa_mask[0]=11111111011111110111111111111111, sa_flags=SA_RESTART|SA_SIGINFO
SIGUSR2: [libjvm.dylib+0x6227e7], sa_mask[0]=00100000000000000000000000000000, sa_flags=SA_RESTART|SA_SIGINFO
SIGHUP: [libjvm.dylib+0x6217d5], sa_mask[0]=11111111011111110111111111111111, sa_flags=SA_RESTART|SA_SIGINFO
SIGINT: [libjvm.dylib+0x6217d5], sa_mask[0]=11111111011111110111111111111111, sa_flags=SA_RESTART|SA_SIGINFO
SIGTERM: [libjvm.dylib+0x6217d5], sa_mask[0]=11111111011111110111111111111111, sa_flags=SA_RESTART|SA_SIGINFO
SIGQUIT: [libjvm.dylib+0x6217d5], sa_mask[0]=11111111011111110111111111111111, sa_flags=SA_RESTART|SA_SIGINFO


---------------  S Y S T E M  ---------------

OS:uname:Darwin 19.3.0 Darwin Kernel Version 19.3.0: Thu Jan  9 20:58:23 PST 2020; root:xnu-6153.81.5~1/RELEASE_X86_64 x86_64
rlimit: STACK 8192k, CORE 0k, NPROC 1392, NOFILE 10240, AS infinity, DATA infinity, FSIZE infinity
load average:2.40 2.26 2.41

CPU:total 8 (initial active 8) (4 cores per cpu, 2 threads per core) family 6 model 142 stepping 10, cmov, cx8, fxsr, mmx, sse, sse2, sse3, ssse3, sse4.1, sse4.2, popcnt, avx, avx2, aes, clmul, erms, 3dnowpref, lzcnt, ht, tsc, tscinvbit, bmi1, bmi2, adx, fma

Memory: 4k page, physical 8388608k(146688k free), swap 3145728k(487936k free)

vm_info: Java HotSpot(TM) 64-Bit Server VM (13.0.2+8) for bsd-amd64 JRE (13.0.2+8), built on Dec 11 2019 09:27:08 by "mach5one" with clang 4.2.1 Compatible Apple LLVM 10.0.0 (clang-1000.11.45.5)

END.
